# JRE version: OpenJDK Runtime Environment Temurin-17.0.13+11 (17.0.13+11) (build 17.0.13+11)
# Java VM: OpenJDK 64-Bit Server VM Temurin-17.0.13+11 (17.0.13+11, mixed mode, tiered, compressed oops, compressed class ptrs, parallel gc, windows-amd64)
GC Precious Log:
 CPUs: 12 total, 12 available
 Memory: 7549M
 Large Page Support: Disabled
 NUMA Support: Disabled
 Compressed Oops: Enabled (32-bit)
 Alignments: Space 512K, Generation 512K, Heap 2M
 Heap Min Capacity: 100M
 Heap Initial Capacity: 100M
 Heap Max Capacity: 1G
 Pre-touch: Disabled
 Parallel Workers: 10
Heap:
 PSYoungGen      total 18944K, used 10939K [0x00000000eab00000, 0x00000000ec200000, 0x0000000100000000)
  eden space 15360K, 48% used [0x00000000eab00000,0x00000000eb239ec8,0x00000000eba00000)
  from space 3584K, 98% used [0x00000000eba00000,0x00000000ebd74e30,0x00000000ebd80000)
  to   space 4096K, 0% used [0x00000000ebe00000,0x00000000ebe00000,0x00000000ec200000)
 ParOldGen       total 68608K, used 65008K [0x00000000c0000000, 0x00000000c4300000, 0x00000000eab00000)
  object space 68608K, 94% used [0x00000000c0000000,0x00000000c3f7c3a0,0x00000000c4300000)
 Metaspace       used 55774K, committed 56832K, reserved 1114112K
  class space    used 5962K, committed 6400K, reserved 1048576K
GC Heap History (20 events):
Event: 11.096 GC heap after
{Heap after GC invocations=23 (full 2):
 PSYoungGen      total 25600K, used 3557K [0x00000000eab00000, 0x00000000ecf80000, 0x0000000100000000)
  eden space 22016K, 0% used [0x00000000eab00000,0x00000000eab00000,0x00000000ec080000)
  from space 3584K, 99% used [0x00000000ec180000,0x00000000ec4f9538,0x00000000ec500000)
  to   space 7680K, 0% used [0x00000000ec800000,0x00000000ec800000,0x00000000ecf80000)
 ParOldGen       total 68608K, used 28691K [0x00000000c0000000, 0x00000000c4300000, 0x00000000eab00000)
  object space 68608K, 41% used [0x00000000c0000000,0x00000000c1c04fc0,0x00000000c4300000)
 Metaspace       used 51867K, committed 52864K, reserved 1114112K
  class space    used 5496K, committed 5952K, reserved 1048576K
}
Event: 11.245 GC heap before
{Heap before GC invocations=24 (full 2):
 PSYoungGen      total 25600K, used 25573K [0x00000000eab00000, 0x00000000ecf80000, 0x0000000100000000)
  eden space 22016K, 100% used [0x00000000eab00000,0x00000000ec080000,0x00000000ec080000)
  from space 3584K, 99% used [0x00000000ec180000,0x00000000ec4f9538,0x00000000ec500000)
  to   space 7680K, 0% used [0x00000000ec800000,0x00000000ec800000,0x00000000ecf80000)
 ParOldGen       total 68608K, used 28691K [0x00000000c0000000, 0x00000000c4300000, 0x00000000eab00000)
  object space 68608K, 41% used [0x00000000c0000000,0x00000000c1c04fc0,0x00000000c4300000)
 Metaspace       used 52873K, committed 53824K, reserved 1114112K
  class space    used 5622K, committed 6016K, reserved 1048576K
}
Event: 11.249 GC heap after
{Heap after GC invocations=24 (full 2):
 PSYoungGen      total 25600K, used 3549K [0x00000000eab00000, 0x00000000ecb80000, 0x0000000100000000)
  eden space 22016K, 0% used [0x00000000eab00000,0x00000000eab00000,0x00000000ec080000)
  from space 3584K, 99% used [0x00000000ec800000,0x00000000ecb77440,0x00000000ecb80000)
  to   space 5120K, 0% used [0x00000000ec180000,0x00000000ec180000,0x00000000ec680000)
 ParOldGen       total 68608K, used 31901K [0x00000000c0000000, 0x00000000c4300000, 0x00000000eab00000)
  object space 68608K, 46% used [0x00000000c0000000,0x00000000c1f276b0,0x00000000c4300000)
 Metaspace       used 52873K, committed 53824K, reserved 1114112K
  class space    used 5622K, committed 6016K, reserved 1048576K
}
Event: 11.359 GC heap before
{Heap before GC invocations=25 (full 2):
 PSYoungGen      total 25600K, used 25565K [0x00000000eab00000, 0x00000000ecb80000, 0x0000000100000000)
  eden space 22016K, 100% used [0x00000000eab00000,0x00000000ec080000,0x00000000ec080000)
  from space 3584K, 99% used [0x00000000ec800000,0x00000000ecb77440,0x00000000ecb80000)
  to   space 5120K, 0% used [0x00000000ec180000,0x00000000ec180000,0x00000000ec680000)
 ParOldGen       total 68608K, used 31901K [0x00000000c0000000, 0x00000000c4300000, 0x00000000eab00000)
  object space 68608K, 46% used [0x00000000c0000000,0x00000000c1f276b0,0x00000000c4300000)
 Metaspace       used 53503K, committed 54464K, reserved 1114112K
  class space    used 5681K, committed 6080K, reserved 1048576K
}
Event: 11.363 GC heap after
{Heap after GC invocations=25 (full 2):
 PSYoungGen      total 26624K, used 4400K [0x00000000eab00000, 0x00000000ec980000, 0x0000000100000000)
  eden space 22016K, 0% used [0x00000000eab00000,0x00000000eab00000,0x00000000ec080000)
  from space 4608K, 95% used [0x00000000ec180000,0x00000000ec5cc140,0x00000000ec600000)
  to   space 3584K, 0% used [0x00000000ec600000,0x00000000ec600000,0x00000000ec980000)
 ParOldGen       total 68608K, used 34999K [0x00000000c0000000, 0x00000000c4300000, 0x00000000eab00000)
  object space 68608K, 51% used [0x00000000c0000000,0x00000000c222ddc0,0x00000000c4300000)
 Metaspace       used 53503K, committed 54464K, reserved 1114112K
  class space    used 5681K, committed 6080K, reserved 1048576K
}
Event: 11.497 GC heap before
{Heap before GC invocations=26 (full 2):
 PSYoungGen      total 26624K, used 26416K [0x00000000eab00000, 0x00000000ec980000, 0x0000000100000000)
  eden space 22016K, 100% used [0x00000000eab00000,0x00000000ec080000,0x00000000ec080000)
  from space 4608K, 95% used [0x00000000ec180000,0x00000000ec5cc140,0x00000000ec600000)
  to   space 3584K, 0% used [0x00000000ec600000,0x00000000ec600000,0x00000000ec980000)
 ParOldGen       total 68608K, used 34999K [0x00000000c0000000, 0x00000000c4300000, 0x00000000eab00000)
  object space 68608K, 51% used [0x00000000c0000000,0x00000000c222ddc0,0x00000000c4300000)
 Metaspace       used 54174K, committed 55168K, reserved 1114112K
  class space    used 5772K, committed 6208K, reserved 1048576K
}
Event: 11.502 GC heap after
{Heap after GC invocations=26 (full 2):
 PSYoungGen      total 22016K, used 3575K [0x00000000eab00000, 0x00000000ed280000, 0x0000000100000000)
  eden space 18432K, 0% used [0x00000000eab00000,0x00000000eab00000,0x00000000ebd00000)
  from space 3584K, 99% used [0x00000000ec600000,0x00000000ec97def0,0x00000000ec980000)
  to   space 9216K, 0% used [0x00000000ebd00000,0x00000000ebd00000,0x00000000ec600000)
 ParOldGen       total 68608K, used 39552K [0x00000000c0000000, 0x00000000c4300000, 0x00000000eab00000)
  object space 68608K, 57% used [0x00000000c0000000,0x00000000c26a00b8,0x00000000c4300000)
 Metaspace       used 54174K, committed 55168K, reserved 1114112K
  class space    used 5772K, committed 6208K, reserved 1048576K
}
Event: 11.582 GC heap before
{Heap before GC invocations=27 (full 2):
 PSYoungGen      total 22016K, used 22007K [0x00000000eab00000, 0x00000000ed280000, 0x0000000100000000)
  eden space 18432K, 100% used [0x00000000eab00000,0x00000000ebd00000,0x00000000ebd00000)
  from space 3584K, 99% used [0x00000000ec600000,0x00000000ec97def0,0x00000000ec980000)
  to   space 9216K, 0% used [0x00000000ebd00000,0x00000000ebd00000,0x00000000ec600000)
 ParOldGen       total 68608K, used 39552K [0x00000000c0000000, 0x00000000c4300000, 0x00000000eab00000)
  object space 68608K, 57% used [0x00000000c0000000,0x00000000c26a00b8,0x00000000c4300000)
 Metaspace       used 54604K, committed 55616K, reserved 1114112K
  class space    used 5828K, committed 6272K, reserved 1048576K
}
Event: 11.586 GC heap after
{Heap after GC invocations=27 (full 2):
 PSYoungGen      total 23040K, used 4469K [0x00000000eab00000, 0x00000000ec900000, 0x0000000100000000)
  eden space 18432K, 0% used [0x00000000eab00000,0x00000000eab00000,0x00000000ebd00000)
  from space 4608K, 96% used [0x00000000ebd00000,0x00000000ec15d600,0x00000000ec180000)
  to   space 6144K, 0% used [0x00000000ec300000,0x00000000ec300000,0x00000000ec900000)
 ParOldGen       total 68608K, used 42945K [0x00000000c0000000, 0x00000000c4300000, 0x00000000eab00000)
  object space 68608K, 62% used [0x00000000c0000000,0x00000000c29f0470,0x00000000c4300000)
 Metaspace       used 54604K, committed 55616K, reserved 1114112K
  class space    used 5828K, committed 6272K, reserved 1048576K
}
Event: 11.660 GC heap before
{Heap before GC invocations=28 (full 2):
 PSYoungGen      total 23040K, used 22901K [0x00000000eab00000, 0x00000000ec900000, 0x0000000100000000)
  eden space 18432K, 100% used [0x00000000eab00000,0x00000000ebd00000,0x00000000ebd00000)
  from space 4608K, 96% used [0x00000000ebd00000,0x00000000ec15d600,0x00000000ec180000)
  to   space 6144K, 0% used [0x00000000ec300000,0x00000000ec300000,0x00000000ec900000)
 ParOldGen       total 68608K, used 42945K [0x00000000c0000000, 0x00000000c4300000, 0x00000000eab00000)
  object space 68608K, 62% used [0x00000000c0000000,0x00000000c29f0470,0x00000000c4300000)
 Metaspace       used 54761K, committed 55744K, reserved 1114112K
  class space    used 5843K, committed 6272K, reserved 1048576K
}
Event: 11.665 GC heap after
{Heap after GC invocations=28 (full 2):
 PSYoungGen      total 22528K, used 3948K [0x00000000eab00000, 0x00000000ec700000, 0x0000000100000000)
  eden space 18432K, 0% used [0x00000000eab00000,0x00000000eab00000,0x00000000ebd00000)
  from space 4096K, 96% used [0x00000000ec300000,0x00000000ec6db380,0x00000000ec700000)
  to   space 4608K, 0% used [0x00000000ebe00000,0x00000000ebe00000,0x00000000ec280000)
 ParOldGen       total 68608K, used 47229K [0x00000000c0000000, 0x00000000c4300000, 0x00000000eab00000)
  object space 68608K, 68% used [0x00000000c0000000,0x00000000c2e1f718,0x00000000c4300000)
 Metaspace       used 54761K, committed 55744K, reserved 1114112K
  class space    used 5843K, committed 6272K, reserved 1048576K
}
Event: 11.731 GC heap before
{Heap before GC invocations=29 (full 2):
 PSYoungGen      total 22528K, used 22380K [0x00000000eab00000, 0x00000000ec700000, 0x0000000100000000)
  eden space 18432K, 100% used [0x00000000eab00000,0x00000000ebd00000,0x00000000ebd00000)
  from space 4096K, 96% used [0x00000000ec300000,0x00000000ec6db380,0x00000000ec700000)
  to   space 4608K, 0% used [0x00000000ebe00000,0x00000000ebe00000,0x00000000ec280000)
 ParOldGen       total 68608K, used 47229K [0x00000000c0000000, 0x00000000c4300000, 0x00000000eab00000)
  object space 68608K, 68% used [0x00000000c0000000,0x00000000c2e1f718,0x00000000c4300000)
 Metaspace       used 55434K, committed 56384K, reserved 1114112K
  class space    used 5920K, committed 6336K, reserved 1048576K
}
Event: 11.735 GC heap after
{Heap after GC invocations=29 (full 2):
 PSYoungGen      total 22528K, used 3645K [0x00000000eab00000, 0x00000000ec500000, 0x0000000100000000)
  eden space 18432K, 0% used [0x00000000eab00000,0x00000000eab00000,0x00000000ebd00000)
  from space 4096K, 89% used [0x00000000ebe00000,0x00000000ec18f628,0x00000000ec200000)
  to   space 3072K, 0% used [0x00000000ec200000,0x00000000ec200000,0x00000000ec500000)
 ParOldGen       total 68608K, used 50849K [0x00000000c0000000, 0x00000000c4300000, 0x00000000eab00000)
  object space 68608K, 74% used [0x00000000c0000000,0x00000000c31a8798,0x00000000c4300000)
 Metaspace       used 55434K, committed 56384K, reserved 1114112K
  class space    used 5920K, committed 6336K, reserved 1048576K
}
Event: 11.805 GC heap before
{Heap before GC invocations=30 (full 2):
 PSYoungGen      total 22528K, used 22077K [0x00000000eab00000, 0x00000000ec500000, 0x0000000100000000)
  eden space 18432K, 100% used [0x00000000eab00000,0x00000000ebd00000,0x00000000ebd00000)
  from space 4096K, 89% used [0x00000000ebe00000,0x00000000ec18f628,0x00000000ec200000)
  to   space 3072K, 0% used [0x00000000ec200000,0x00000000ec200000,0x00000000ec500000)
 ParOldGen       total 68608K, used 50849K [0x00000000c0000000, 0x00000000c4300000, 0x00000000eab00000)
  object space 68608K, 74% used [0x00000000c0000000,0x00000000c31a8798,0x00000000c4300000)
 Metaspace       used 55475K, committed 56448K, reserved 1114112K
  class space    used 5924K, committed 6336K, reserved 1048576K
}
Event: 11.810 GC heap after
{Heap after GC invocations=30 (full 2):
 PSYoungGen      total 18432K, used 3056K [0x00000000eab00000, 0x00000000ecd00000, 0x0000000100000000)
  eden space 15360K, 0% used [0x00000000eab00000,0x00000000eab00000,0x00000000eba00000)
  from space 3072K, 99% used [0x00000000ec200000,0x00000000ec4fc140,0x00000000ec500000)
  to   space 8192K, 0% used [0x00000000eba00000,0x00000000eba00000,0x00000000ec200000)
 ParOldGen       total 68608K, used 55107K [0x00000000c0000000, 0x00000000c4300000, 0x00000000eab00000)
  object space 68608K, 80% used [0x00000000c0000000,0x00000000c35d0da8,0x00000000c4300000)
 Metaspace       used 55475K, committed 56448K, reserved 1114112K
  class space    used 5924K, committed 6336K, reserved 1048576K
}
Event: 11.873 GC heap before
{Heap before GC invocations=31 (full 2):
 PSYoungGen      total 18432K, used 18416K [0x00000000eab00000, 0x00000000ecd00000, 0x0000000100000000)
  eden space 15360K, 100% used [0x00000000eab00000,0x00000000eba00000,0x00000000eba00000)
  from space 3072K, 99% used [0x00000000ec200000,0x00000000ec4fc140,0x00000000ec500000)
  to   space 8192K, 0% used [0x00000000eba00000,0x00000000eba00000,0x00000000ec200000)
 ParOldGen       total 68608K, used 55107K [0x00000000c0000000, 0x00000000c4300000, 0x00000000eab00000)
  object space 68608K, 80% used [0x00000000c0000000,0x00000000c35d0da8,0x00000000c4300000)
 Metaspace       used 55683K, committed 56704K, reserved 1114112K
  class space    used 5953K, committed 6400K, reserved 1048576K
}
Event: 11.878 GC heap after
{Heap after GC invocations=31 (full 2):
 PSYoungGen      total 18944K, used 3293K [0x00000000eab00000, 0x00000000ec400000, 0x0000000100000000)
  eden space 15360K, 0% used [0x00000000eab00000,0x00000000eab00000,0x00000000eba00000)
  from space 3584K, 91% used [0x00000000eba00000,0x00000000ebd374c8,0x00000000ebd80000)
  to   space 5120K, 0% used [0x00000000ebf00000,0x00000000ebf00000,0x00000000ec400000)
 ParOldGen       total 68608K, used 58102K [0x00000000c0000000, 0x00000000c4300000, 0x00000000eab00000)
  object space 68608K, 84% used [0x00000000c0000000,0x00000000c38bd8d8,0x00000000c4300000)
 Metaspace       used 55683K, committed 56704K, reserved 1114112K
  class space    used 5953K, committed 6400K, reserved 1048576K
}
Event: 11.948 GC heap before
{Heap before GC invocations=32 (full 2):
 PSYoungGen      total 18944K, used 18653K [0x00000000eab00000, 0x00000000ec400000, 0x0000000100000000)
  eden space 15360K, 100% used [0x00000000eab00000,0x00000000eba00000,0x00000000eba00000)
  from space 3584K, 91% used [0x00000000eba00000,0x00000000ebd374c8,0x00000000ebd80000)
  to   space 5120K, 0% used [0x00000000ebf00000,0x00000000ebf00000,0x00000000ec400000)
 ParOldGen       total 68608K, used 58102K [0x00000000c0000000, 0x00000000c4300000, 0x00000000eab00000)
  object space 68608K, 84% used [0x00000000c0000000,0x00000000c38bd8d8,0x00000000c4300000)
 Metaspace       used 55774K, committed 56832K, reserved 1114112K
  class space    used 5962K, committed 6400K, reserved 1048576K
}
Event: 11.952 GC heap after
{Heap after GC invocations=32 (full 2):
 PSYoungGen      total 19456K, used 4093K [0x00000000eab00000, 0x00000000ec300000, 0x0000000100000000)
  eden space 15360K, 0% used [0x00000000eab00000,0x00000000eab00000,0x00000000eba00000)
  from space 4096K, 99% used [0x00000000ebf00000,0x00000000ec2ff638,0x00000000ec300000)
  to   space 4608K, 0% used [0x00000000eba00000,0x00000000eba00000,0x00000000ebe80000)
 ParOldGen       total 68608K, used 61161K [0x00000000c0000000, 0x00000000c4300000, 0x00000000eab00000)
  object space 68608K, 89% used [0x00000000c0000000,0x00000000c3bba630,0x00000000c4300000)
 Metaspace       used 55774K, committed 56832K, reserved 1114112K
  class space    used 5962K, committed 6400K, reserved 1048576K
}
Event: 11.998 GC heap before
{Heap before GC invocations=33 (full 2):
 PSYoungGen      total 19456K, used 19453K [0x00000000eab00000, 0x00000000ec300000, 0x0000000100000000)
  eden space 15360K, 100% used [0x00000000eab00000,0x00000000eba00000,0x00000000eba00000)
  from space 4096K, 99% used [0x00000000ebf00000,0x00000000ec2ff638,0x00000000ec300000)
  to   space 4608K, 0% used [0x00000000eba00000,0x00000000eba00000,0x00000000ebe80000)
 ParOldGen       total 68608K, used 61161K [0x00000000c0000000, 0x00000000c4300000, 0x00000000eab00000)
  object space 68608K, 89% used [0x00000000c0000000,0x00000000c3bba630,0x00000000c4300000)
 Metaspace       used 55774K, committed 56832K, reserved 1114112K
  class space    used 5962K, committed 6400K, reserved 1048576K
}

