# JRE version: OpenJDK Runtime Environment Temurin-17.0.13+11 (17.0.13+11) (build 17.0.13+11)
# Java VM: OpenJDK 64-Bit Server VM Temurin-17.0.13+11 (17.0.13+11, mixed mode, tiered, compressed oops, compressed class ptrs, parallel gc, windows-amd64)
GC Precious Log:
 CPUs: 12 total, 12 available
 Memory: 7549M
 Large Page Support: Disabled
 NUMA Support: Disabled
 Compressed Oops: Enabled (32-bit)
 Alignments: Space 512K, Generation 512K, Heap 2M
 Heap Min Capacity: 100M
 Heap Initial Capacity: 100M
 Heap Max Capacity: 1G
 Pre-touch: Disabled
 Parallel Workers: 10
Heap:
 PSYoungGen      total 6144K, used 2991K [0x00000000eab00000, 0x00000000eb380000, 0x0000000100000000)
  eden space 4608K, 38% used [0x00000000eab00000,0x00000000eacbc710,0x00000000eaf80000)
  from space 1536K, 79% used [0x00000000eaf80000,0x00000000eb0af888,0x00000000eb100000)
  to   space 2048K, 0% used [0x00000000eb180000,0x00000000eb180000,0x00000000eb380000)
 ParOldGen       total 146432K, used 139000K [0x00000000c0000000, 0x00000000c8f00000, 0x00000000eab00000)
  object space 146432K, 94% used [0x00000000c0000000,0x00000000c87be200,0x00000000c8f00000)
 Metaspace       used 55700K, committed 56768K, reserved 1114112K
  class space    used 5967K, committed 6464K, reserved 1048576K
GC Heap History (20 events):
Event: 7.494 GC heap after
{Heap after GC invocations=81 (full 5):
 PSYoungGen      total 4096K, used 891K [0x00000000eab00000, 0x00000000eb000000, 0x0000000100000000)
  eden space 3072K, 0% used [0x00000000eab00000,0x00000000eab00000,0x00000000eae00000)
  from space 1024K, 87% used [0x00000000eae00000,0x00000000eaedef90,0x00000000eaf00000)
  to   space 1024K, 0% used [0x00000000eaf00000,0x00000000eaf00000,0x00000000eb000000)
 ParOldGen       total 146432K, used 130236K [0x00000000c0000000, 0x00000000c8f00000, 0x00000000eab00000)
  object space 146432K, 88% used [0x00000000c0000000,0x00000000c7f2f0b0,0x00000000c8f00000)
 Metaspace       used 55700K, committed 56768K, reserved 1114112K
  class space    used 5967K, committed 6464K, reserved 1048576K
}
Event: 7.502 GC heap before
{Heap before GC invocations=82 (full 5):
 PSYoungGen      total 4096K, used 3963K [0x00000000eab00000, 0x00000000eb000000, 0x0000000100000000)
  eden space 3072K, 100% used [0x00000000eab00000,0x00000000eae00000,0x00000000eae00000)
  from space 1024K, 87% used [0x00000000eae00000,0x00000000eaedef90,0x00000000eaf00000)
  to   space 1024K, 0% used [0x00000000eaf00000,0x00000000eaf00000,0x00000000eb000000)
 ParOldGen       total 146432K, used 130236K [0x00000000c0000000, 0x00000000c8f00000, 0x00000000eab00000)
  object space 146432K, 88% used [0x00000000c0000000,0x00000000c7f2f0b0,0x00000000c8f00000)
 Metaspace       used 55700K, committed 56768K, reserved 1114112K
  class space    used 5967K, committed 6464K, reserved 1048576K
}
Event: 7.504 GC heap after
{Heap after GC invocations=82 (full 5):
 PSYoungGen      total 4096K, used 848K [0x00000000eab00000, 0x00000000eb100000, 0x0000000100000000)
  eden space 3072K, 0% used [0x00000000eab00000,0x00000000eab00000,0x00000000eae00000)
  from space 1024K, 82% used [0x00000000eaf00000,0x00000000eafd41a8,0x00000000eb000000)
  to   space 1024K, 0% used [0x00000000eae00000,0x00000000eae00000,0x00000000eaf00000)
 ParOldGen       total 146432K, used 130992K [0x00000000c0000000, 0x00000000c8f00000, 0x00000000eab00000)
  object space 146432K, 89% used [0x00000000c0000000,0x00000000c7fec268,0x00000000c8f00000)
 Metaspace       used 55700K, committed 56768K, reserved 1114112K
  class space    used 5967K, committed 6464K, reserved 1048576K
}
Event: 7.513 GC heap before
{Heap before GC invocations=83 (full 5):
 PSYoungGen      total 4096K, used 3920K [0x00000000eab00000, 0x00000000eb100000, 0x0000000100000000)
  eden space 3072K, 100% used [0x00000000eab00000,0x00000000eae00000,0x00000000eae00000)
  from space 1024K, 82% used [0x00000000eaf00000,0x00000000eafd41a8,0x00000000eb000000)
  to   space 1024K, 0% used [0x00000000eae00000,0x00000000eae00000,0x00000000eaf00000)
 ParOldGen       total 146432K, used 130992K [0x00000000c0000000, 0x00000000c8f00000, 0x00000000eab00000)
  object space 146432K, 89% used [0x00000000c0000000,0x00000000c7fec268,0x00000000c8f00000)
 Metaspace       used 55700K, committed 56768K, reserved 1114112K
  class space    used 5967K, committed 6464K, reserved 1048576K
}
Event: 7.514 GC heap after
{Heap after GC invocations=83 (full 5):
 PSYoungGen      total 4096K, used 940K [0x00000000eab00000, 0x00000000eb100000, 0x0000000100000000)
  eden space 3072K, 0% used [0x00000000eab00000,0x00000000eab00000,0x00000000eae00000)
  from space 1024K, 91% used [0x00000000eae00000,0x00000000eaeeb1c8,0x00000000eaf00000)
  to   space 1024K, 0% used [0x00000000eb000000,0x00000000eb000000,0x00000000eb100000)
 ParOldGen       total 146432K, used 131699K [0x00000000c0000000, 0x00000000c8f00000, 0x00000000eab00000)
  object space 146432K, 89% used [0x00000000c0000000,0x00000000c809cc70,0x00000000c8f00000)
 Metaspace       used 55700K, committed 56768K, reserved 1114112K
  class space    used 5967K, committed 6464K, reserved 1048576K
}
Event: 7.525 GC heap before
{Heap before GC invocations=84 (full 5):
 PSYoungGen      total 4096K, used 4012K [0x00000000eab00000, 0x00000000eb100000, 0x0000000100000000)
  eden space 3072K, 100% used [0x00000000eab00000,0x00000000eae00000,0x00000000eae00000)
  from space 1024K, 91% used [0x00000000eae00000,0x00000000eaeeb1c8,0x00000000eaf00000)
  to   space 1024K, 0% used [0x00000000eb000000,0x00000000eb000000,0x00000000eb100000)
 ParOldGen       total 146432K, used 131699K [0x00000000c0000000, 0x00000000c8f00000, 0x00000000eab00000)
  object space 146432K, 89% used [0x00000000c0000000,0x00000000c809cc70,0x00000000c8f00000)
 Metaspace       used 55700K, committed 56768K, reserved 1114112K
  class space    used 5967K, committed 6464K, reserved 1048576K
}
Event: 7.528 GC heap after
{Heap after GC invocations=84 (full 5):
 PSYoungGen      total 4096K, used 1005K [0x00000000eab00000, 0x00000000eb300000, 0x0000000100000000)
  eden space 3072K, 0% used [0x00000000eab00000,0x00000000eab00000,0x00000000eae00000)
  from space 1024K, 98% used [0x00000000eb000000,0x00000000eb0fb568,0x00000000eb100000)
  to   space 2048K, 0% used [0x00000000eae00000,0x00000000eae00000,0x00000000eb000000)
 ParOldGen       total 146432K, used 132440K [0x00000000c0000000, 0x00000000c8f00000, 0x00000000eab00000)
  object space 146432K, 90% used [0x00000000c0000000,0x00000000c8156280,0x00000000c8f00000)
 Metaspace       used 55700K, committed 56768K, reserved 1114112K
  class space    used 5967K, committed 6464K, reserved 1048576K
}
Event: 7.538 GC heap before
{Heap before GC invocations=85 (full 5):
 PSYoungGen      total 4096K, used 4077K [0x00000000eab00000, 0x00000000eb300000, 0x0000000100000000)
  eden space 3072K, 100% used [0x00000000eab00000,0x00000000eae00000,0x00000000eae00000)
  from space 1024K, 98% used [0x00000000eb000000,0x00000000eb0fb568,0x00000000eb100000)
  to   space 2048K, 0% used [0x00000000eae00000,0x00000000eae00000,0x00000000eb000000)
 ParOldGen       total 146432K, used 132440K [0x00000000c0000000, 0x00000000c8f00000, 0x00000000eab00000)
  object space 146432K, 90% used [0x00000000c0000000,0x00000000c8156280,0x00000000c8f00000)
 Metaspace       used 55700K, committed 56768K, reserved 1114112K
  class space    used 5967K, committed 6464K, reserved 1048576K
}
Event: 7.540 GC heap after
{Heap after GC invocations=85 (full 5):
 PSYoungGen      total 5120K, used 896K [0x00000000eab00000, 0x00000000eb200000, 0x0000000100000000)
  eden space 3072K, 0% used [0x00000000eab00000,0x00000000eab00000,0x00000000eae00000)
  from space 2048K, 43% used [0x00000000eae00000,0x00000000eaee0000,0x00000000eb000000)
  to   space 1536K, 0% used [0x00000000eb080000,0x00000000eb080000,0x00000000eb200000)
 ParOldGen       total 146432K, used 133363K [0x00000000c0000000, 0x00000000c8f00000, 0x00000000eab00000)
  object space 146432K, 91% used [0x00000000c0000000,0x00000000c823ce68,0x00000000c8f00000)
 Metaspace       used 55700K, committed 56768K, reserved 1114112K
  class space    used 5967K, committed 6464K, reserved 1048576K
}
Event: 7.551 GC heap before
{Heap before GC invocations=86 (full 5):
 PSYoungGen      total 5120K, used 3968K [0x00000000eab00000, 0x00000000eb200000, 0x0000000100000000)
  eden space 3072K, 100% used [0x00000000eab00000,0x00000000eae00000,0x00000000eae00000)
  from space 2048K, 43% used [0x00000000eae00000,0x00000000eaee0000,0x00000000eb000000)
  to   space 1536K, 0% used [0x00000000eb080000,0x00000000eb080000,0x00000000eb200000)
 ParOldGen       total 146432K, used 133363K [0x00000000c0000000, 0x00000000c8f00000, 0x00000000eab00000)
  object space 146432K, 91% used [0x00000000c0000000,0x00000000c823ce68,0x00000000c8f00000)
 Metaspace       used 55700K, committed 56768K, reserved 1114112K
  class space    used 5967K, committed 6464K, reserved 1048576K
}
Event: 7.552 GC heap after
{Heap after GC invocations=86 (full 5):
 PSYoungGen      total 5120K, used 887K [0x00000000eab00000, 0x00000000eb180000, 0x0000000100000000)
  eden space 4096K, 0% used [0x00000000eab00000,0x00000000eab00000,0x00000000eaf00000)
  from space 1024K, 86% used [0x00000000eb080000,0x00000000eb15dcf8,0x00000000eb180000)
  to   space 1024K, 0% used [0x00000000eaf80000,0x00000000eaf80000,0x00000000eb080000)
 ParOldGen       total 146432K, used 134096K [0x00000000c0000000, 0x00000000c8f00000, 0x00000000eab00000)
  object space 146432K, 91% used [0x00000000c0000000,0x00000000c82f4008,0x00000000c8f00000)
 Metaspace       used 55700K, committed 56768K, reserved 1114112K
  class space    used 5967K, committed 6464K, reserved 1048576K
}
Event: 7.583 GC heap before
{Heap before GC invocations=87 (full 5):
 PSYoungGen      total 5120K, used 4983K [0x00000000eab00000, 0x00000000eb180000, 0x0000000100000000)
  eden space 4096K, 100% used [0x00000000eab00000,0x00000000eaf00000,0x00000000eaf00000)
  from space 1024K, 86% used [0x00000000eb080000,0x00000000eb15dcf8,0x00000000eb180000)
  to   space 1024K, 0% used [0x00000000eaf80000,0x00000000eaf80000,0x00000000eb080000)
 ParOldGen       total 146432K, used 134096K [0x00000000c0000000, 0x00000000c8f00000, 0x00000000eab00000)
  object space 146432K, 91% used [0x00000000c0000000,0x00000000c82f4008,0x00000000c8f00000)
 Metaspace       used 55700K, committed 56768K, reserved 1114112K
  class space    used 5967K, committed 6464K, reserved 1048576K
}
Event: 7.589 GC heap after
{Heap after GC invocations=87 (full 5):
 PSYoungGen      total 5632K, used 1013K [0x00000000eab00000, 0x00000000eb400000, 0x0000000100000000)
  eden space 4608K, 0% used [0x00000000eab00000,0x00000000eab00000,0x00000000eaf80000)
  from space 1024K, 98% used [0x00000000eaf80000,0x00000000eb07d580,0x00000000eb080000)
  to   space 2048K, 0% used [0x00000000eb200000,0x00000000eb200000,0x00000000eb400000)
 ParOldGen       total 146432K, used 134794K [0x00000000c0000000, 0x00000000c8f00000, 0x00000000eab00000)
  object space 146432K, 92% used [0x00000000c0000000,0x00000000c83a29e8,0x00000000c8f00000)
 Metaspace       used 55700K, committed 56768K, reserved 1114112K
  class space    used 5967K, committed 6464K, reserved 1048576K
}
Event: 7.687 GC heap before
{Heap before GC invocations=88 (full 5):
 PSYoungGen      total 5632K, used 5621K [0x00000000eab00000, 0x00000000eb400000, 0x0000000100000000)
  eden space 4608K, 100% used [0x00000000eab00000,0x00000000eaf80000,0x00000000eaf80000)
  from space 1024K, 98% used [0x00000000eaf80000,0x00000000eb07d580,0x00000000eb080000)
  to   space 2048K, 0% used [0x00000000eb200000,0x00000000eb200000,0x00000000eb400000)
 ParOldGen       total 146432K, used 134794K [0x00000000c0000000, 0x00000000c8f00000, 0x00000000eab00000)
  object space 146432K, 92% used [0x00000000c0000000,0x00000000c83a29e8,0x00000000c8f00000)
 Metaspace       used 55700K, committed 56768K, reserved 1114112K
  class space    used 5967K, committed 6464K, reserved 1048576K
}
Event: 7.690 GC heap after
{Heap after GC invocations=88 (full 5):
 PSYoungGen      total 6144K, used 1150K [0x00000000eab00000, 0x00000000eb380000, 0x0000000100000000)
  eden space 4608K, 0% used [0x00000000eab00000,0x00000000eab00000,0x00000000eaf80000)
  from space 1536K, 74% used [0x00000000eb200000,0x00000000eb31fb20,0x00000000eb380000)
  to   space 1536K, 0% used [0x00000000eb080000,0x00000000eb080000,0x00000000eb200000)
 ParOldGen       total 146432K, used 135724K [0x00000000c0000000, 0x00000000c8f00000, 0x00000000eab00000)
  object space 146432K, 92% used [0x00000000c0000000,0x00000000c848b3b0,0x00000000c8f00000)
 Metaspace       used 55700K, committed 56768K, reserved 1114112K
  class space    used 5967K, committed 6464K, reserved 1048576K
}
Event: 7.762 GC heap before
{Heap before GC invocations=89 (full 5):
 PSYoungGen      total 6144K, used 5758K [0x00000000eab00000, 0x00000000eb380000, 0x0000000100000000)
  eden space 4608K, 100% used [0x00000000eab00000,0x00000000eaf80000,0x00000000eaf80000)
  from space 1536K, 74% used [0x00000000eb200000,0x00000000eb31fb20,0x00000000eb380000)
  to   space 1536K, 0% used [0x00000000eb080000,0x00000000eb080000,0x00000000eb200000)
 ParOldGen       total 146432K, used 135724K [0x00000000c0000000, 0x00000000c8f00000, 0x00000000eab00000)
  object space 146432K, 92% used [0x00000000c0000000,0x00000000c848b3b0,0x00000000c8f00000)
 Metaspace       used 55700K, committed 56768K, reserved 1114112K
  class space    used 5967K, committed 6464K, reserved 1048576K
}
Event: 7.764 GC heap after
{Heap after GC invocations=89 (full 5):
 PSYoungGen      total 6144K, used 1224K [0x00000000eab00000, 0x00000000eb280000, 0x0000000100000000)
  eden space 4608K, 0% used [0x00000000eab00000,0x00000000eab00000,0x00000000eaf80000)
  from space 1536K, 79% used [0x00000000eb080000,0x00000000eb1b23e0,0x00000000eb200000)
  to   space 512K, 0% used [0x00000000eb200000,0x00000000eb200000,0x00000000eb280000)
 ParOldGen       total 146432K, used 136775K [0x00000000c0000000, 0x00000000c8f00000, 0x00000000eab00000)
  object space 146432K, 93% used [0x00000000c0000000,0x00000000c8591d60,0x00000000c8f00000)
 Metaspace       used 55700K, committed 56768K, reserved 1114112K
  class space    used 5967K, committed 6464K, reserved 1048576K
}
Event: 7.803 GC heap before
{Heap before GC invocations=90 (full 5):
 PSYoungGen      total 6144K, used 5832K [0x00000000eab00000, 0x00000000eb280000, 0x0000000100000000)
  eden space 4608K, 100% used [0x00000000eab00000,0x00000000eaf80000,0x00000000eaf80000)
  from space 1536K, 79% used [0x00000000eb080000,0x00000000eb1b23e0,0x00000000eb200000)
  to   space 512K, 0% used [0x00000000eb200000,0x00000000eb200000,0x00000000eb280000)
 ParOldGen       total 146432K, used 136775K [0x00000000c0000000, 0x00000000c8f00000, 0x00000000eab00000)
  object space 146432K, 93% used [0x00000000c0000000,0x00000000c8591d60,0x00000000c8f00000)
 Metaspace       used 55700K, committed 56768K, reserved 1114112K
  class space    used 5967K, committed 6464K, reserved 1048576K
}
Event: 7.806 GC heap after
{Heap after GC invocations=90 (full 5):
 PSYoungGen      total 5120K, used 512K [0x00000000eab00000, 0x00000000eb480000, 0x0000000100000000)
  eden space 4608K, 0% used [0x00000000eab00000,0x00000000eab00000,0x00000000eaf80000)
  from space 512K, 100% used [0x00000000eb200000,0x00000000eb280000,0x00000000eb280000)
  to   space 2560K, 0% used [0x00000000eaf80000,0x00000000eaf80000,0x00000000eb200000)
 ParOldGen       total 146432K, used 138475K [0x00000000c0000000, 0x00000000c8f00000, 0x00000000eab00000)
  object space 146432K, 94% used [0x00000000c0000000,0x00000000c873ac70,0x00000000c8f00000)
 Metaspace       used 55700K, committed 56768K, reserved 1114112K
  class space    used 5967K, committed 6464K, reserved 1048576K
}
Event: 7.951 GC heap before
{Heap before GC invocations=91 (full 5):
 PSYoungGen      total 5120K, used 5120K [0x00000000eab00000, 0x00000000eb480000, 0x0000000100000000)
  eden space 4608K, 100% used [0x00000000eab00000,0x00000000eaf80000,0x00000000eaf80000)
  from space 512K, 100% used [0x00000000eb200000,0x00000000eb280000,0x00000000eb280000)
  to   space 2560K, 0% used [0x00000000eaf80000,0x00000000eaf80000,0x00000000eb200000)
 ParOldGen       total 146432K, used 138475K [0x00000000c0000000, 0x00000000c8f00000, 0x00000000eab00000)
  object space 146432K, 94% used [0x00000000c0000000,0x00000000c873ac70,0x00000000c8f00000)
 Metaspace       used 55700K, committed 56768K, reserved 1114112K
  class space    used 5967K, committed 6464K, reserved 1048576K
}

