# JRE version: OpenJDK Runtime Environment Temurin-17.0.13+11 (17.0.13+11) (build 17.0.13+11)
# Java VM: OpenJDK 64-Bit Server VM Temurin-17.0.13+11 (17.0.13+11, mixed mode, tiered, compressed oops, compressed class ptrs, parallel gc, windows-amd64)
GC Precious Log:
 CPUs: 12 total, 12 available
 Memory: 7549M
 Large Page Support: Disabled
 NUMA Support: Disabled
 Compressed Oops: Enabled (32-bit)
 Alignments: Space 512K, Generation 512K, Heap 2M
 Heap Min Capacity: 100M
 Heap Initial Capacity: 100M
 Heap Max Capacity: 1G
 Pre-touch: Disabled
 Parallel Workers: 10
Heap:
 PSYoungGen      total 37888K, used 37865K [0x00000000eab00000, 0x00000000ee280000, 0x0000000100000000)
  eden space 31744K, 100% used [0x00000000eab00000,0x00000000eca00000,0x00000000eca00000)
  from space 6144K, 99% used [0x00000000ed900000,0x00000000edefa698,0x00000000edf00000)
  to   space 3584K, 54% used [0x00000000edf00000,0x00000000ee0e4008,0x00000000ee280000)
 ParOldGen       total 227328K, used 167908K [0x00000000c0000000, 0x00000000cde00000, 0x00000000eab00000)
  object space 227328K, 73% used [0x00000000c0000000,0x00000000ca3fd310,0x00000000cde00000)
 Metaspace       used 56101K, committed 57216K, reserved 1114112K
  class space    used 5992K, committed 6528K, reserved 1048576K
GC Heap History (20 events):
Event: 23.717 GC heap before
{Heap before GC invocations=115 (full 10):
 PSYoungGen      total 54784K, used 54768K [0x00000000eab00000, 0x00000000f2480000, 0x0000000100000000)
  eden space 36352K, 100% used [0x00000000eab00000,0x00000000ece80000,0x00000000ece80000)
  from space 18432K, 99% used [0x00000000ecf80000,0x00000000ee17c0b0,0x00000000ee180000)
  to   space 44032K, 0% used [0x00000000ef980000,0x00000000ef980000,0x00000000f2480000)
 ParOldGen       total 299520K, used 286657K [0x00000000c0000000, 0x00000000d2480000, 0x00000000eab00000)
  object space 299520K, 95% used [0x00000000c0000000,0x00000000d17f0408,0x00000000d2480000)
 Metaspace       used 56072K, committed 57216K, reserved 1114112K
  class space    used 5990K, committed 6528K, reserved 1048576K
}
Event: 23.814 GC heap after
{Heap after GC invocations=115 (full 10):
 PSYoungGen      total 79360K, used 0K [0x00000000eab00000, 0x00000000f2400000, 0x0000000100000000)
  eden space 35840K, 0% used [0x00000000eab00000,0x00000000eab00000,0x00000000ece00000)
  from space 43520K, 0% used [0x00000000ef980000,0x00000000ef980000,0x00000000f2400000)
  to   space 44032K, 0% used [0x00000000ece00000,0x00000000ece00000,0x00000000ef900000)
 ParOldGen       total 227328K, used 158583K [0x00000000c0000000, 0x00000000cde00000, 0x00000000eab00000)
  object space 227328K, 69% used [0x00000000c0000000,0x00000000c9adddc8,0x00000000cde00000)
 Metaspace       used 56072K, committed 57216K, reserved 1114112K
  class space    used 5990K, committed 6528K, reserved 1048576K
}
Event: 24.277 GC heap before
{Heap before GC invocations=116 (full 10):
 PSYoungGen      total 79360K, used 35840K [0x00000000eab00000, 0x00000000f2400000, 0x0000000100000000)
  eden space 35840K, 100% used [0x00000000eab00000,0x00000000ece00000,0x00000000ece00000)
  from space 43520K, 0% used [0x00000000ef980000,0x00000000ef980000,0x00000000f2400000)
  to   space 44032K, 0% used [0x00000000ece00000,0x00000000ece00000,0x00000000ef900000)
 ParOldGen       total 227328K, used 158583K [0x00000000c0000000, 0x00000000cde00000, 0x00000000eab00000)
  object space 227328K, 69% used [0x00000000c0000000,0x00000000c9adddc8,0x00000000cde00000)
 Metaspace       used 56080K, committed 57216K, reserved 1114112K
  class space    used 5990K, committed 6528K, reserved 1048576K
}
Event: 24.282 GC heap after
{Heap after GC invocations=116 (full 10):
 PSYoungGen      total 40448K, used 4608K [0x00000000eab00000, 0x00000000efa00000, 0x0000000100000000)
  eden space 35328K, 0% used [0x00000000eab00000,0x00000000eab00000,0x00000000ecd80000)
  from space 5120K, 90% used [0x00000000ece00000,0x00000000ed280310,0x00000000ed300000)
  to   space 17920K, 0% used [0x00000000ee880000,0x00000000ee880000,0x00000000efa00000)
 ParOldGen       total 227328K, used 158583K [0x00000000c0000000, 0x00000000cde00000, 0x00000000eab00000)
  object space 227328K, 69% used [0x00000000c0000000,0x00000000c9adddc8,0x00000000cde00000)
 Metaspace       used 56080K, committed 57216K, reserved 1114112K
  class space    used 5990K, committed 6528K, reserved 1048576K
}
Event: 25.123 GC heap before
{Heap before GC invocations=117 (full 10):
 PSYoungGen      total 40448K, used 39936K [0x00000000eab00000, 0x00000000efa00000, 0x0000000100000000)
  eden space 35328K, 100% used [0x00000000eab00000,0x00000000ecd80000,0x00000000ecd80000)
  from space 5120K, 90% used [0x00000000ece00000,0x00000000ed280310,0x00000000ed300000)
  to   space 17920K, 0% used [0x00000000ee880000,0x00000000ee880000,0x00000000efa00000)
 ParOldGen       total 227328K, used 158583K [0x00000000c0000000, 0x00000000cde00000, 0x00000000eab00000)
  object space 227328K, 69% used [0x00000000c0000000,0x00000000c9adddc8,0x00000000cde00000)
 Metaspace       used 56081K, committed 57216K, reserved 1114112K
  class space    used 5990K, committed 6528K, reserved 1048576K
}
Event: 25.127 GC heap after
{Heap after GC invocations=117 (full 10):
 PSYoungGen      total 39936K, used 4699K [0x00000000eab00000, 0x00000000eed80000, 0x0000000100000000)
  eden space 34816K, 0% used [0x00000000eab00000,0x00000000eab00000,0x00000000ecd00000)
  from space 5120K, 91% used [0x00000000ee880000,0x00000000eed16d68,0x00000000eed80000)
  to   space 7168K, 0% used [0x00000000edf80000,0x00000000edf80000,0x00000000ee680000)
 ParOldGen       total 227328K, used 158591K [0x00000000c0000000, 0x00000000cde00000, 0x00000000eab00000)
  object space 227328K, 69% used [0x00000000c0000000,0x00000000c9adfdc8,0x00000000cde00000)
 Metaspace       used 56081K, committed 57216K, reserved 1114112K
  class space    used 5990K, committed 6528K, reserved 1048576K
}
Event: 25.416 GC heap before
{Heap before GC invocations=118 (full 10):
 PSYoungGen      total 39936K, used 39515K [0x00000000eab00000, 0x00000000eed80000, 0x0000000100000000)
  eden space 34816K, 100% used [0x00000000eab00000,0x00000000ecd00000,0x00000000ecd00000)
  from space 5120K, 91% used [0x00000000ee880000,0x00000000eed16d68,0x00000000eed80000)
  to   space 7168K, 0% used [0x00000000edf80000,0x00000000edf80000,0x00000000ee680000)
 ParOldGen       total 227328K, used 158591K [0x00000000c0000000, 0x00000000cde00000, 0x00000000eab00000)
  object space 227328K, 69% used [0x00000000c0000000,0x00000000c9adfdc8,0x00000000cde00000)
 Metaspace       used 56081K, committed 57216K, reserved 1114112K
  class space    used 5990K, committed 6528K, reserved 1048576K
}
Event: 25.422 GC heap after
{Heap after GC invocations=118 (full 10):
 PSYoungGen      total 41472K, used 7157K [0x00000000eab00000, 0x00000000ee900000, 0x0000000100000000)
  eden space 34304K, 0% used [0x00000000eab00000,0x00000000eab00000,0x00000000ecc80000)
  from space 7168K, 99% used [0x00000000edf80000,0x00000000ee67d470,0x00000000ee680000)
  to   space 2560K, 0% used [0x00000000ee680000,0x00000000ee680000,0x00000000ee900000)
 ParOldGen       total 227328K, used 159895K [0x00000000c0000000, 0x00000000cde00000, 0x00000000eab00000)
  object space 227328K, 70% used [0x00000000c0000000,0x00000000c9c25dc8,0x00000000cde00000)
 Metaspace       used 56081K, committed 57216K, reserved 1114112K
  class space    used 5990K, committed 6528K, reserved 1048576K
}
Event: 26.353 GC heap before
{Heap before GC invocations=119 (full 10):
 PSYoungGen      total 41472K, used 41461K [0x00000000eab00000, 0x00000000ee900000, 0x0000000100000000)
  eden space 34304K, 100% used [0x00000000eab00000,0x00000000ecc80000,0x00000000ecc80000)
  from space 7168K, 99% used [0x00000000edf80000,0x00000000ee67d470,0x00000000ee680000)
  to   space 2560K, 0% used [0x00000000ee680000,0x00000000ee680000,0x00000000ee900000)
 ParOldGen       total 227328K, used 159895K [0x00000000c0000000, 0x00000000cde00000, 0x00000000eab00000)
  object space 227328K, 70% used [0x00000000c0000000,0x00000000c9c25dc8,0x00000000cde00000)
 Metaspace       used 56083K, committed 57216K, reserved 1114112K
  class space    used 5990K, committed 6528K, reserved 1048576K
}
Event: 26.357 GC heap after
{Heap after GC invocations=119 (full 10):
 PSYoungGen      total 36352K, used 2288K [0x00000000eab00000, 0x00000000ee900000, 0x0000000100000000)
  eden space 33792K, 0% used [0x00000000eab00000,0x00000000eab00000,0x00000000ecc00000)
  from space 2560K, 89% used [0x00000000ee680000,0x00000000ee8bc010,0x00000000ee900000)
  to   space 4608K, 0% used [0x00000000ee000000,0x00000000ee000000,0x00000000ee480000)
 ParOldGen       total 227328K, used 161272K [0x00000000c0000000, 0x00000000cde00000, 0x00000000eab00000)
  object space 227328K, 70% used [0x00000000c0000000,0x00000000c9d7e3e0,0x00000000cde00000)
 Metaspace       used 56083K, committed 57216K, reserved 1114112K
  class space    used 5990K, committed 6528K, reserved 1048576K
}
Event: 27.972 GC heap before
{Heap before GC invocations=120 (full 10):
 PSYoungGen      total 36352K, used 36080K [0x00000000eab00000, 0x00000000ee900000, 0x0000000100000000)
  eden space 33792K, 100% used [0x00000000eab00000,0x00000000ecc00000,0x00000000ecc00000)
  from space 2560K, 89% used [0x00000000ee680000,0x00000000ee8bc010,0x00000000ee900000)
  to   space 4608K, 0% used [0x00000000ee000000,0x00000000ee000000,0x00000000ee480000)
 ParOldGen       total 227328K, used 161272K [0x00000000c0000000, 0x00000000cde00000, 0x00000000eab00000)
  object space 227328K, 70% used [0x00000000c0000000,0x00000000c9d7e3e0,0x00000000cde00000)
 Metaspace       used 56097K, committed 57216K, reserved 1114112K
  class space    used 5992K, committed 6528K, reserved 1048576K
}
Event: 27.974 GC heap after
{Heap after GC invocations=120 (full 10):
 PSYoungGen      total 37888K, used 1760K [0x00000000eab00000, 0x00000000ee700000, 0x0000000100000000)
  eden space 33280K, 0% used [0x00000000eab00000,0x00000000eab00000,0x00000000ecb80000)
  from space 4608K, 38% used [0x00000000ee000000,0x00000000ee1b8000,0x00000000ee480000)
  to   space 2560K, 0% used [0x00000000ee480000,0x00000000ee480000,0x00000000ee700000)
 ParOldGen       total 227328K, used 161272K [0x00000000c0000000, 0x00000000cde00000, 0x00000000eab00000)
  object space 227328K, 70% used [0x00000000c0000000,0x00000000c9d7e3e0,0x00000000cde00000)
 Metaspace       used 56097K, committed 57216K, reserved 1114112K
  class space    used 5992K, committed 6528K, reserved 1048576K
}
Event: 28.171 GC heap before
{Heap before GC invocations=121 (full 10):
 PSYoungGen      total 37888K, used 35040K [0x00000000eab00000, 0x00000000ee700000, 0x0000000100000000)
  eden space 33280K, 100% used [0x00000000eab00000,0x00000000ecb80000,0x00000000ecb80000)
  from space 4608K, 38% used [0x00000000ee000000,0x00000000ee1b8000,0x00000000ee480000)
  to   space 2560K, 0% used [0x00000000ee480000,0x00000000ee480000,0x00000000ee700000)
 ParOldGen       total 227328K, used 161272K [0x00000000c0000000, 0x00000000cde00000, 0x00000000eab00000)
  object space 227328K, 70% used [0x00000000c0000000,0x00000000c9d7e3e0,0x00000000cde00000)
 Metaspace       used 56097K, committed 57216K, reserved 1114112K
  class space    used 5992K, committed 6528K, reserved 1048576K
}
Event: 28.174 GC heap after
{Heap after GC invocations=121 (full 10):
 PSYoungGen      total 35328K, used 2542K [0x00000000eab00000, 0x00000000ee700000, 0x0000000100000000)
  eden space 32768K, 0% used [0x00000000eab00000,0x00000000eab00000,0x00000000ecb00000)
  from space 2560K, 99% used [0x00000000ee480000,0x00000000ee6fb820,0x00000000ee700000)
  to   space 5120K, 0% used [0x00000000edd00000,0x00000000edd00000,0x00000000ee200000)
 ParOldGen       total 227328K, used 163288K [0x00000000c0000000, 0x00000000cde00000, 0x00000000eab00000)
  object space 227328K, 71% used [0x00000000c0000000,0x00000000c9f763e0,0x00000000cde00000)
 Metaspace       used 56097K, committed 57216K, reserved 1114112K
  class space    used 5992K, committed 6528K, reserved 1048576K
}
Event: 28.423 GC heap before
{Heap before GC invocations=122 (full 10):
 PSYoungGen      total 35328K, used 35310K [0x00000000eab00000, 0x00000000ee700000, 0x0000000100000000)
  eden space 32768K, 100% used [0x00000000eab00000,0x00000000ecb00000,0x00000000ecb00000)
  from space 2560K, 99% used [0x00000000ee480000,0x00000000ee6fb820,0x00000000ee700000)
  to   space 5120K, 0% used [0x00000000edd00000,0x00000000edd00000,0x00000000ee200000)
 ParOldGen       total 227328K, used 163288K [0x00000000c0000000, 0x00000000cde00000, 0x00000000eab00000)
  object space 227328K, 71% used [0x00000000c0000000,0x00000000c9f763e0,0x00000000cde00000)
 Metaspace       used 56097K, committed 57216K, reserved 1114112K
  class space    used 5992K, committed 6528K, reserved 1048576K
}
Event: 28.426 GC heap after
{Heap after GC invocations=122 (full 10):
 PSYoungGen      total 37376K, used 1586K [0x00000000eab00000, 0x00000000ee500000, 0x0000000100000000)
  eden space 32256K, 0% used [0x00000000eab00000,0x00000000eab00000,0x00000000eca80000)
  from space 5120K, 30% used [0x00000000edd00000,0x00000000ede8ca38,0x00000000ee200000)
  to   space 3072K, 0% used [0x00000000ee200000,0x00000000ee200000,0x00000000ee500000)
 ParOldGen       total 227328K, used 163792K [0x00000000c0000000, 0x00000000cde00000, 0x00000000eab00000)
  object space 227328K, 72% used [0x00000000c0000000,0x00000000c9ff43e0,0x00000000cde00000)
 Metaspace       used 56097K, committed 57216K, reserved 1114112K
  class space    used 5992K, committed 6528K, reserved 1048576K
}
Event: 29.621 GC heap before
{Heap before GC invocations=123 (full 10):
 PSYoungGen      total 37376K, used 33842K [0x00000000eab00000, 0x00000000ee500000, 0x0000000100000000)
  eden space 32256K, 100% used [0x00000000eab00000,0x00000000eca80000,0x00000000eca80000)
  from space 5120K, 30% used [0x00000000edd00000,0x00000000ede8ca38,0x00000000ee200000)
  to   space 3072K, 0% used [0x00000000ee200000,0x00000000ee200000,0x00000000ee500000)
 ParOldGen       total 227328K, used 163792K [0x00000000c0000000, 0x00000000cde00000, 0x00000000eab00000)
  object space 227328K, 72% used [0x00000000c0000000,0x00000000c9ff43e0,0x00000000cde00000)
 Metaspace       used 56099K, committed 57216K, reserved 1114112K
  class space    used 5992K, committed 6528K, reserved 1048576K
}
Event: 29.624 GC heap after
{Heap after GC invocations=123 (full 10):
 PSYoungGen      total 34816K, used 3053K [0x00000000eab00000, 0x00000000ee500000, 0x0000000100000000)
  eden space 31744K, 0% used [0x00000000eab00000,0x00000000eab00000,0x00000000eca00000)
  from space 3072K, 99% used [0x00000000ee200000,0x00000000ee4fb458,0x00000000ee500000)
  to   space 6144K, 0% used [0x00000000ed900000,0x00000000ed900000,0x00000000edf00000)
 ParOldGen       total 227328K, used 165912K [0x00000000c0000000, 0x00000000cde00000, 0x00000000eab00000)
  object space 227328K, 72% used [0x00000000c0000000,0x00000000ca2063e0,0x00000000cde00000)
 Metaspace       used 56099K, committed 57216K, reserved 1114112K
  class space    used 5992K, committed 6528K, reserved 1048576K
}
Event: 29.730 GC heap before
{Heap before GC invocations=124 (full 10):
 PSYoungGen      total 34816K, used 34797K [0x00000000eab00000, 0x00000000ee500000, 0x0000000100000000)
  eden space 31744K, 100% used [0x00000000eab00000,0x00000000eca00000,0x00000000eca00000)
  from space 3072K, 99% used [0x00000000ee200000,0x00000000ee4fb458,0x00000000ee500000)
  to   space 6144K, 0% used [0x00000000ed900000,0x00000000ed900000,0x00000000edf00000)
 ParOldGen       total 227328K, used 165913K [0x00000000c0000000, 0x00000000cde00000, 0x00000000eab00000)
  object space 227328K, 72% used [0x00000000c0000000,0x00000000ca206610,0x00000000cde00000)
 Metaspace       used 56099K, committed 57216K, reserved 1114112K
  class space    used 5992K, committed 6528K, reserved 1048576K
}
Event: 29.734 GC heap after
{Heap after GC invocations=124 (full 10):
 PSYoungGen      total 37888K, used 6121K [0x00000000eab00000, 0x00000000ee280000, 0x0000000100000000)
  eden space 31744K, 0% used [0x00000000eab00000,0x00000000eab00000,0x00000000eca00000)
  from space 6144K, 99% used [0x00000000ed900000,0x00000000edefa698,0x00000000edf00000)
  to   space 3584K, 0% used [0x00000000edf00000,0x00000000edf00000,0x00000000ee280000)
 ParOldGen       total 227328K, used 166489K [0x00000000c0000000, 0x00000000cde00000, 0x00000000eab00000)
  object space 227328K, 73% used [0x00000000c0000000,0x00000000ca296610,0x00000000cde00000)
 Metaspace       used 56099K, committed 57216K, reserved 1114112K
  class space    used 5992K, committed 6528K, reserved 1048576K
}

