# JRE version: OpenJDK Runtime Environment Temurin-17.0.13+11 (17.0.13+11) (build 17.0.13+11)
# Java VM: OpenJDK 64-Bit Server VM Temurin-17.0.13+11 (17.0.13+11, mixed mode, tiered, compressed oops, compressed class ptrs, parallel gc, windows-amd64)
GC Precious Log:
 CPUs: 12 total, 12 available
 Memory: 7549M
 Large Page Support: Disabled
 NUMA Support: Disabled
 Compressed Oops: Enabled (32-bit)
 Alignments: Space 512K, Generation 512K, Heap 2M
 Heap Min Capacity: 100M
 Heap Initial Capacity: 100M
 Heap Max Capacity: 1G
 Pre-touch: Disabled
 Parallel Workers: 10
Heap:
 PSYoungGen      total 19456K, used 4091K [0x00000000eab00000, 0x00000000ec200000, 0x0000000100000000)
  eden space 15360K, 0% used [0x00000000eab00000,0x00000000eab00000,0x00000000eba00000)
  from space 4096K, 99% used [0x00000000eba00000,0x00000000ebdfeda0,0x00000000ebe00000)
  to   space 4096K, 0% used [0x00000000ebe00000,0x00000000ebe00000,0x00000000ec200000)
 ParOldGen       total 96768K, used 92522K [0x00000000c0000000, 0x00000000c5e80000, 0x00000000eab00000)
  object space 96768K, 95% used [0x00000000c0000000,0x00000000c5a5ab28,0x00000000c5e80000)
 Metaspace       used 56050K, committed 57152K, reserved 1114112K
  class space    used 5975K, committed 6464K, reserved 1048576K
GC Heap History (20 events):
Event: 15.501 GC heap after
{Heap after GC invocations=33 (full 2):
 PSYoungGen      total 19968K, used 4315K [0x00000000eab00000, 0x00000000ec600000, 0x0000000100000000)
  eden space 15360K, 0% used [0x00000000eab00000,0x00000000eab00000,0x00000000eba00000)
  from space 4608K, 93% used [0x00000000eba00000,0x00000000ebe36f90,0x00000000ebe80000)
  to   space 6144K, 0% used [0x00000000ec000000,0x00000000ec000000,0x00000000ec600000)
 ParOldGen       total 68608K, used 63191K [0x00000000c0000000, 0x00000000c4300000, 0x00000000eab00000)
  object space 68608K, 92% used [0x00000000c0000000,0x00000000c3db5d58,0x00000000c4300000)
 Metaspace       used 56024K, committed 57152K, reserved 1114112K
  class space    used 5972K, committed 6464K, reserved 1048576K
}
Event: 15.601 GC heap before
{Heap before GC invocations=34 (full 2):
 PSYoungGen      total 19968K, used 19675K [0x00000000eab00000, 0x00000000ec600000, 0x0000000100000000)
  eden space 15360K, 100% used [0x00000000eab00000,0x00000000eba00000,0x00000000eba00000)
  from space 4608K, 93% used [0x00000000eba00000,0x00000000ebe36f90,0x00000000ebe80000)
  to   space 6144K, 0% used [0x00000000ec000000,0x00000000ec000000,0x00000000ec600000)
 ParOldGen       total 68608K, used 63191K [0x00000000c0000000, 0x00000000c4300000, 0x00000000eab00000)
  object space 68608K, 92% used [0x00000000c0000000,0x00000000c3db5d58,0x00000000c4300000)
 Metaspace       used 56027K, committed 57152K, reserved 1114112K
  class space    used 5972K, committed 6464K, reserved 1048576K
}
Event: 15.606 GC heap after
{Heap after GC invocations=34 (full 2):
 PSYoungGen      total 19456K, used 3840K [0x00000000eab00000, 0x00000000ec400000, 0x0000000100000000)
  eden space 15360K, 0% used [0x00000000eab00000,0x00000000eab00000,0x00000000eba00000)
  from space 4096K, 93% used [0x00000000ec000000,0x00000000ec3c0110,0x00000000ec400000)
  to   space 4608K, 0% used [0x00000000ebb00000,0x00000000ebb00000,0x00000000ebf80000)
 ParOldGen       total 68608K, used 67172K [0x00000000c0000000, 0x00000000c4300000, 0x00000000eab00000)
  object space 68608K, 97% used [0x00000000c0000000,0x00000000c4199020,0x00000000c4300000)
 Metaspace       used 56027K, committed 57152K, reserved 1114112K
  class space    used 5972K, committed 6464K, reserved 1048576K
}
Event: 15.731 GC heap before
{Heap before GC invocations=35 (full 3):
 PSYoungGen      total 19456K, used 19200K [0x00000000eab00000, 0x00000000ec400000, 0x0000000100000000)
  eden space 15360K, 100% used [0x00000000eab00000,0x00000000eba00000,0x00000000eba00000)
  from space 4096K, 93% used [0x00000000ec000000,0x00000000ec3c0110,0x00000000ec400000)
  to   space 4608K, 0% used [0x00000000ebb00000,0x00000000ebb00000,0x00000000ebf80000)
 ParOldGen       total 68608K, used 67172K [0x00000000c0000000, 0x00000000c4300000, 0x00000000eab00000)
  object space 68608K, 97% used [0x00000000c0000000,0x00000000c4199020,0x00000000c4300000)
 Metaspace       used 56048K, committed 57152K, reserved 1114112K
  class space    used 5975K, committed 6464K, reserved 1048576K
}
Event: 15.817 GC heap after
{Heap after GC invocations=35 (full 3):
 PSYoungGen      total 15872K, used 0K [0x00000000eab00000, 0x00000000ec300000, 0x0000000100000000)
  eden space 15360K, 0% used [0x00000000eab00000,0x00000000eab00000,0x00000000eba00000)
  from space 512K, 0% used [0x00000000ebb00000,0x00000000ebb00000,0x00000000ebb80000)
  to   space 4608K, 0% used [0x00000000ebe80000,0x00000000ebe80000,0x00000000ec300000)
 ParOldGen       total 96768K, used 67216K [0x00000000c0000000, 0x00000000c5e80000, 0x00000000eab00000)
  object space 96768K, 69% used [0x00000000c0000000,0x00000000c41a41b0,0x00000000c5e80000)
 Metaspace       used 56048K, committed 57152K, reserved 1114112K
  class space    used 5975K, committed 6464K, reserved 1048576K
}
Event: 15.902 GC heap before
{Heap before GC invocations=36 (full 3):
 PSYoungGen      total 15872K, used 15360K [0x00000000eab00000, 0x00000000ec300000, 0x0000000100000000)
  eden space 15360K, 100% used [0x00000000eab00000,0x00000000eba00000,0x00000000eba00000)
  from space 512K, 0% used [0x00000000ebb00000,0x00000000ebb00000,0x00000000ebb80000)
  to   space 4608K, 0% used [0x00000000ebe80000,0x00000000ebe80000,0x00000000ec300000)
 ParOldGen       total 96768K, used 67216K [0x00000000c0000000, 0x00000000c5e80000, 0x00000000eab00000)
  object space 96768K, 69% used [0x00000000c0000000,0x00000000c41a41b0,0x00000000c5e80000)
 Metaspace       used 56050K, committed 57152K, reserved 1114112K
  class space    used 5975K, committed 6464K, reserved 1048576K
}
Event: 15.904 GC heap after
{Heap after GC invocations=36 (full 3):
 PSYoungGen      total 19968K, used 4067K [0x00000000eab00000, 0x00000000ec300000, 0x0000000100000000)
  eden space 15360K, 0% used [0x00000000eab00000,0x00000000eab00000,0x00000000eba00000)
  from space 4608K, 88% used [0x00000000ebe80000,0x00000000ec278c40,0x00000000ec300000)
  to   space 4608K, 0% used [0x00000000eba00000,0x00000000eba00000,0x00000000ebe80000)
 ParOldGen       total 96768K, used 67216K [0x00000000c0000000, 0x00000000c5e80000, 0x00000000eab00000)
  object space 96768K, 69% used [0x00000000c0000000,0x00000000c41a41b0,0x00000000c5e80000)
 Metaspace       used 56050K, committed 57152K, reserved 1114112K
  class space    used 5975K, committed 6464K, reserved 1048576K
}
Event: 15.954 GC heap before
{Heap before GC invocations=37 (full 3):
 PSYoungGen      total 19968K, used 19427K [0x00000000eab00000, 0x00000000ec300000, 0x0000000100000000)
  eden space 15360K, 100% used [0x00000000eab00000,0x00000000eba00000,0x00000000eba00000)
  from space 4608K, 88% used [0x00000000ebe80000,0x00000000ec278c40,0x00000000ec300000)
  to   space 4608K, 0% used [0x00000000eba00000,0x00000000eba00000,0x00000000ebe80000)
 ParOldGen       total 96768K, used 67216K [0x00000000c0000000, 0x00000000c5e80000, 0x00000000eab00000)
  object space 96768K, 69% used [0x00000000c0000000,0x00000000c41a41b0,0x00000000c5e80000)
 Metaspace       used 56050K, committed 57152K, reserved 1114112K
  class space    used 5975K, committed 6464K, reserved 1048576K
}
Event: 15.958 GC heap after
{Heap after GC invocations=37 (full 3):
 PSYoungGen      total 18944K, used 3496K [0x00000000eab00000, 0x00000000ec200000, 0x0000000100000000)
  eden space 15360K, 0% used [0x00000000eab00000,0x00000000eab00000,0x00000000eba00000)
  from space 3584K, 97% used [0x00000000eba00000,0x00000000ebd6a260,0x00000000ebd80000)
  to   space 4096K, 0% used [0x00000000ebe00000,0x00000000ebe00000,0x00000000ec200000)
 ParOldGen       total 96768K, used 71077K [0x00000000c0000000, 0x00000000c5e80000, 0x00000000eab00000)
  object space 96768K, 73% used [0x00000000c0000000,0x00000000c4569668,0x00000000c5e80000)
 Metaspace       used 56050K, committed 57152K, reserved 1114112K
  class space    used 5975K, committed 6464K, reserved 1048576K
}
Event: 16.014 GC heap before
{Heap before GC invocations=38 (full 3):
 PSYoungGen      total 18944K, used 18856K [0x00000000eab00000, 0x00000000ec200000, 0x0000000100000000)
  eden space 15360K, 100% used [0x00000000eab00000,0x00000000eba00000,0x00000000eba00000)
  from space 3584K, 97% used [0x00000000eba00000,0x00000000ebd6a260,0x00000000ebd80000)
  to   space 4096K, 0% used [0x00000000ebe00000,0x00000000ebe00000,0x00000000ec200000)
 ParOldGen       total 96768K, used 71077K [0x00000000c0000000, 0x00000000c5e80000, 0x00000000eab00000)
  object space 96768K, 73% used [0x00000000c0000000,0x00000000c4569668,0x00000000c5e80000)
 Metaspace       used 56050K, committed 57152K, reserved 1114112K
  class space    used 5975K, committed 6464K, reserved 1048576K
}
Event: 16.017 GC heap after
{Heap after GC invocations=38 (full 3):
 PSYoungGen      total 19456K, used 3639K [0x00000000eab00000, 0x00000000ec200000, 0x0000000100000000)
  eden space 15360K, 0% used [0x00000000eab00000,0x00000000eab00000,0x00000000eba00000)
  from space 4096K, 88% used [0x00000000ebe00000,0x00000000ec18dd58,0x00000000ec200000)
  to   space 4096K, 0% used [0x00000000eba00000,0x00000000eba00000,0x00000000ebe00000)
 ParOldGen       total 96768K, used 74320K [0x00000000c0000000, 0x00000000c5e80000, 0x00000000eab00000)
  object space 96768K, 76% used [0x00000000c0000000,0x00000000c48943d8,0x00000000c5e80000)
 Metaspace       used 56050K, committed 57152K, reserved 1114112K
  class space    used 5975K, committed 6464K, reserved 1048576K
}
Event: 16.091 GC heap before
{Heap before GC invocations=39 (full 3):
 PSYoungGen      total 19456K, used 18999K [0x00000000eab00000, 0x00000000ec200000, 0x0000000100000000)
  eden space 15360K, 100% used [0x00000000eab00000,0x00000000eba00000,0x00000000eba00000)
  from space 4096K, 88% used [0x00000000ebe00000,0x00000000ec18dd58,0x00000000ec200000)
  to   space 4096K, 0% used [0x00000000eba00000,0x00000000eba00000,0x00000000ebe00000)
 ParOldGen       total 96768K, used 74320K [0x00000000c0000000, 0x00000000c5e80000, 0x00000000eab00000)
  object space 96768K, 76% used [0x00000000c0000000,0x00000000c48943d8,0x00000000c5e80000)
 Metaspace       used 56050K, committed 57152K, reserved 1114112K
  class space    used 5975K, committed 6464K, reserved 1048576K
}
Event: 16.095 GC heap after
{Heap after GC invocations=39 (full 3):
 PSYoungGen      total 19456K, used 3722K [0x00000000eab00000, 0x00000000ec200000, 0x0000000100000000)
  eden space 15360K, 0% used [0x00000000eab00000,0x00000000eab00000,0x00000000eba00000)
  from space 4096K, 90% used [0x00000000eba00000,0x00000000ebda2ba0,0x00000000ebe00000)
  to   space 4096K, 0% used [0x00000000ebe00000,0x00000000ebe00000,0x00000000ec200000)
 ParOldGen       total 96768K, used 77684K [0x00000000c0000000, 0x00000000c5e80000, 0x00000000eab00000)
  object space 96768K, 80% used [0x00000000c0000000,0x00000000c4bdd210,0x00000000c5e80000)
 Metaspace       used 56050K, committed 57152K, reserved 1114112K
  class space    used 5975K, committed 6464K, reserved 1048576K
}
Event: 16.172 GC heap before
{Heap before GC invocations=40 (full 3):
 PSYoungGen      total 19456K, used 19082K [0x00000000eab00000, 0x00000000ec200000, 0x0000000100000000)
  eden space 15360K, 100% used [0x00000000eab00000,0x00000000eba00000,0x00000000eba00000)
  from space 4096K, 90% used [0x00000000eba00000,0x00000000ebda2ba0,0x00000000ebe00000)
  to   space 4096K, 0% used [0x00000000ebe00000,0x00000000ebe00000,0x00000000ec200000)
 ParOldGen       total 96768K, used 77684K [0x00000000c0000000, 0x00000000c5e80000, 0x00000000eab00000)
  object space 96768K, 80% used [0x00000000c0000000,0x00000000c4bdd210,0x00000000c5e80000)
 Metaspace       used 56050K, committed 57152K, reserved 1114112K
  class space    used 5975K, committed 6464K, reserved 1048576K
}
Event: 16.175 GC heap after
{Heap after GC invocations=40 (full 3):
 PSYoungGen      total 19456K, used 3903K [0x00000000eab00000, 0x00000000ec200000, 0x0000000100000000)
  eden space 15360K, 0% used [0x00000000eab00000,0x00000000eab00000,0x00000000eba00000)
  from space 4096K, 95% used [0x00000000ebe00000,0x00000000ec1cfde0,0x00000000ec200000)
  to   space 4096K, 0% used [0x00000000eba00000,0x00000000eba00000,0x00000000ebe00000)
 ParOldGen       total 96768K, used 81161K [0x00000000c0000000, 0x00000000c5e80000, 0x00000000eab00000)
  object space 96768K, 83% used [0x00000000c0000000,0x00000000c4f42548,0x00000000c5e80000)
 Metaspace       used 56050K, committed 57152K, reserved 1114112K
  class space    used 5975K, committed 6464K, reserved 1048576K
}
Event: 16.705 GC heap before
{Heap before GC invocations=41 (full 3):
 PSYoungGen      total 19456K, used 19263K [0x00000000eab00000, 0x00000000ec200000, 0x0000000100000000)
  eden space 15360K, 100% used [0x00000000eab00000,0x00000000eba00000,0x00000000eba00000)
  from space 4096K, 95% used [0x00000000ebe00000,0x00000000ec1cfde0,0x00000000ec200000)
  to   space 4096K, 0% used [0x00000000eba00000,0x00000000eba00000,0x00000000ebe00000)
 ParOldGen       total 96768K, used 81161K [0x00000000c0000000, 0x00000000c5e80000, 0x00000000eab00000)
  object space 96768K, 83% used [0x00000000c0000000,0x00000000c4f42548,0x00000000c5e80000)
 Metaspace       used 56050K, committed 57152K, reserved 1114112K
  class space    used 5975K, committed 6464K, reserved 1048576K
}
Event: 16.710 GC heap after
{Heap after GC invocations=41 (full 3):
 PSYoungGen      total 19456K, used 3685K [0x00000000eab00000, 0x00000000ec200000, 0x0000000100000000)
  eden space 15360K, 0% used [0x00000000eab00000,0x00000000eab00000,0x00000000eba00000)
  from space 4096K, 89% used [0x00000000eba00000,0x00000000ebd99508,0x00000000ebe00000)
  to   space 4096K, 0% used [0x00000000ebe00000,0x00000000ebe00000,0x00000000ec200000)
 ParOldGen       total 96768K, used 84724K [0x00000000c0000000, 0x00000000c5e80000, 0x00000000eab00000)
  object space 96768K, 87% used [0x00000000c0000000,0x00000000c52bd1c8,0x00000000c5e80000)
 Metaspace       used 56050K, committed 57152K, reserved 1114112K
  class space    used 5975K, committed 6464K, reserved 1048576K
}
Event: 16.869 GC heap before
{Heap before GC invocations=42 (full 3):
 PSYoungGen      total 19456K, used 19045K [0x00000000eab00000, 0x00000000ec200000, 0x0000000100000000)
  eden space 15360K, 100% used [0x00000000eab00000,0x00000000eba00000,0x00000000eba00000)
  from space 4096K, 89% used [0x00000000eba00000,0x00000000ebd99508,0x00000000ebe00000)
  to   space 4096K, 0% used [0x00000000ebe00000,0x00000000ebe00000,0x00000000ec200000)
 ParOldGen       total 96768K, used 84724K [0x00000000c0000000, 0x00000000c5e80000, 0x00000000eab00000)
  object space 96768K, 87% used [0x00000000c0000000,0x00000000c52bd1c8,0x00000000c5e80000)
 Metaspace       used 56050K, committed 57152K, reserved 1114112K
  class space    used 5975K, committed 6464K, reserved 1048576K
}
Event: 16.874 GC heap after
{Heap after GC invocations=42 (full 3):
 PSYoungGen      total 19456K, used 3717K [0x00000000eab00000, 0x00000000ec200000, 0x0000000100000000)
  eden space 15360K, 0% used [0x00000000eab00000,0x00000000eab00000,0x00000000eba00000)
  from space 4096K, 90% used [0x00000000ebe00000,0x00000000ec1a1668,0x00000000ec200000)
  to   space 4096K, 0% used [0x00000000eba00000,0x00000000eba00000,0x00000000ebe00000)
 ParOldGen       total 96768K, used 88240K [0x00000000c0000000, 0x00000000c5e80000, 0x00000000eab00000)
  object space 96768K, 91% used [0x00000000c0000000,0x00000000c562c178,0x00000000c5e80000)
 Metaspace       used 56050K, committed 57152K, reserved 1114112K
  class space    used 5975K, committed 6464K, reserved 1048576K
}
Event: 17.174 GC heap before
{Heap before GC invocations=43 (full 3):
 PSYoungGen      total 19456K, used 19077K [0x00000000eab00000, 0x00000000ec200000, 0x0000000100000000)
  eden space 15360K, 100% used [0x00000000eab00000,0x00000000eba00000,0x00000000eba00000)
  from space 4096K, 90% used [0x00000000ebe00000,0x00000000ec1a1668,0x00000000ec200000)
  to   space 4096K, 0% used [0x00000000eba00000,0x00000000eba00000,0x00000000ebe00000)
 ParOldGen       total 96768K, used 88240K [0x00000000c0000000, 0x00000000c5e80000, 0x00000000eab00000)
  object space 96768K, 91% used [0x00000000c0000000,0x00000000c562c178,0x00000000c5e80000)
 Metaspace       used 56050K, committed 57152K, reserved 1114112K
  class space    used 5975K, committed 6464K, reserved 1048576K
}

