# JRE version: Java(TM) SE Runtime Environment (17.0.8+9) (build 17.0.8+9-LTS-211)
# Java VM: Java HotSpot(TM) 64-Bit Server VM (17.0.8+9-LTS-211, mixed mode, sharing, tiered, compressed oops, compressed class ptrs, g1 gc, windows-amd64)
GC Precious Log:
 CPUs: 12 total, 12 available
 Memory: 7549M
 Large Page Support: Disabled
 NUMA Support: Disabled
 Compressed Oops: Enabled (32-bit)
 Heap Region Size: 1M
 Heap Min Capacity: 8M
 Heap Initial Capacity: 118M
 Heap Max Capacity: 1888M
 Pre-touch: Disabled
 Parallel Workers: 10
 Concurrent Workers: 3
 Concurrent Refinement Workers: 10
 Periodic GC: Disabled
Heap:
 garbage-first heap   total 86016K, used 45255K [0x000000008a000000, 0x0000000100000000)
  region size 1024K, 12 young (12288K), 5 survivors (5120K)
 Metaspace       used 49442K, committed 49984K, reserved 1114112K
  class space    used 6974K, committed 7232K, reserved 1048576K
GC Heap History (20 events):
Event: 4.446 GC heap before
{Heap before GC invocations=2 (full 0):
 garbage-first heap   total 120832K, used 57833K [0x000000008a000000, 0x0000000100000000)
  region size 1024K, 49 young (50176K), 5 survivors (5120K)
 Metaspace       used 4598K, committed 4800K, reserved 1114112K
  class space    used 572K, committed 640K, reserved 1048576K
}
Event: 4.455 GC heap after
{Heap after GC invocations=3 (full 0):
 garbage-first heap   total 120832K, used 15998K [0x000000008a000000, 0x0000000100000000)
  region size 1024K, 5 young (5120K), 5 survivors (5120K)
 Metaspace       used 4598K, committed 4800K, reserved 1114112K
  class space    used 572K, committed 640K, reserved 1048576K
}
Event: 8.436 GC heap before
{Heap before GC invocations=3 (full 0):
 garbage-first heap   total 120832K, used 82558K [0x000000008a000000, 0x0000000100000000)
  region size 1024K, 70 young (71680K), 5 survivors (5120K)
 Metaspace       used 16732K, committed 17024K, reserved 1114112K
  class space    used 2348K, committed 2496K, reserved 1048576K
}
Event: 8.445 GC heap after
{Heap after GC invocations=4 (full 0):
 garbage-first heap   total 120832K, used 20980K [0x000000008a000000, 0x0000000100000000)
  region size 1024K, 9 young (9216K), 9 survivors (9216K)
 Metaspace       used 16732K, committed 17024K, reserved 1114112K
  class space    used 2348K, committed 2496K, reserved 1048576K
}
Event: 9.793 GC heap before
{Heap before GC invocations=4 (full 0):
 garbage-first heap   total 120832K, used 61940K [0x000000008a000000, 0x0000000100000000)
  region size 1024K, 50 young (51200K), 9 survivors (9216K)
 Metaspace       used 21157K, committed 21504K, reserved 1114112K
  class space    used 3091K, committed 3264K, reserved 1048576K
}
Event: 9.801 GC heap after
{Heap after GC invocations=5 (full 0):
 garbage-first heap   total 120832K, used 23894K [0x000000008a000000, 0x0000000100000000)
  region size 1024K, 3 young (3072K), 3 survivors (3072K)
 Metaspace       used 21157K, committed 21504K, reserved 1114112K
  class space    used 3091K, committed 3264K, reserved 1048576K
}
Event: 11.686 GC heap before
{Heap before GC invocations=6 (full 0):
 garbage-first heap   total 86016K, used 72022K [0x000000008a000000, 0x0000000100000000)
  region size 1024K, 50 young (51200K), 3 survivors (3072K)
 Metaspace       used 26776K, committed 27200K, reserved 1114112K
  class space    used 3997K, committed 4224K, reserved 1048576K
}
Event: 11.690 GC heap after
{Heap after GC invocations=7 (full 0):
 garbage-first heap   total 86016K, used 26031K [0x000000008a000000, 0x0000000100000000)
  region size 1024K, 6 young (6144K), 6 survivors (6144K)
 Metaspace       used 26776K, committed 27200K, reserved 1114112K
  class space    used 3997K, committed 4224K, reserved 1048576K
}
Event: 13.520 GC heap before
{Heap before GC invocations=7 (full 0):
 garbage-first heap   total 86016K, used 63919K [0x000000008a000000, 0x0000000100000000)
  region size 1024K, 43 young (44032K), 6 survivors (6144K)
 Metaspace       used 33253K, committed 33728K, reserved 1114112K
  class space    used 4809K, committed 4992K, reserved 1048576K
}
Event: 13.526 GC heap after
{Heap after GC invocations=8 (full 0):
 garbage-first heap   total 86016K, used 28853K [0x000000008a000000, 0x0000000100000000)
  region size 1024K, 6 young (6144K), 6 survivors (6144K)
 Metaspace       used 33253K, committed 33728K, reserved 1114112K
  class space    used 4809K, committed 4992K, reserved 1048576K
}
Event: 14.474 GC heap before
{Heap before GC invocations=8 (full 0):
 garbage-first heap   total 86016K, used 62645K [0x000000008a000000, 0x0000000100000000)
  region size 1024K, 36 young (36864K), 6 survivors (6144K)
 Metaspace       used 35548K, committed 35968K, reserved 1114112K
  class space    used 4981K, committed 5184K, reserved 1048576K
}
Event: 14.483 GC heap after
{Heap after GC invocations=9 (full 0):
 garbage-first heap   total 86016K, used 34159K [0x000000008a000000, 0x0000000100000000)
  region size 1024K, 4 young (4096K), 4 survivors (4096K)
 Metaspace       used 35548K, committed 35968K, reserved 1114112K
  class space    used 4981K, committed 5184K, reserved 1048576K
}
Event: 16.464 GC heap before
{Heap before GC invocations=10 (full 0):
 garbage-first heap   total 86016K, used 64879K [0x000000008a000000, 0x0000000100000000)
  region size 1024K, 34 young (34816K), 4 survivors (4096K)
 Metaspace       used 39038K, committed 39552K, reserved 1114112K
  class space    used 5537K, committed 5760K, reserved 1048576K
}
Event: 16.468 GC heap after
{Heap after GC invocations=11 (full 0):
 garbage-first heap   total 86016K, used 32772K [0x000000008a000000, 0x0000000100000000)
  region size 1024K, 2 young (2048K), 2 survivors (2048K)
 Metaspace       used 39038K, committed 39552K, reserved 1114112K
  class space    used 5537K, committed 5760K, reserved 1048576K
}
Event: 18.363 GC heap before
{Heap before GC invocations=11 (full 0):
 garbage-first heap   total 86016K, used 66564K [0x000000008a000000, 0x0000000100000000)
  region size 1024K, 35 young (35840K), 2 survivors (2048K)
 Metaspace       used 42244K, committed 42816K, reserved 1114112K
  class space    used 6048K, committed 6336K, reserved 1048576K
}
Event: 18.367 GC heap after
{Heap after GC invocations=12 (full 0):
 garbage-first heap   total 86016K, used 35002K [0x000000008a000000, 0x0000000100000000)
  region size 1024K, 4 young (4096K), 4 survivors (4096K)
 Metaspace       used 42244K, committed 42816K, reserved 1114112K
  class space    used 6048K, committed 6336K, reserved 1048576K
}
Event: 19.734 GC heap before
{Heap before GC invocations=12 (full 0):
 garbage-first heap   total 86016K, used 68794K [0x000000008a000000, 0x0000000100000000)
  region size 1024K, 36 young (36864K), 4 survivors (4096K)
 Metaspace       used 46772K, committed 47296K, reserved 1114112K
  class space    used 6616K, committed 6848K, reserved 1048576K
}
Event: 19.739 GC heap after
{Heap after GC invocations=13 (full 0):
 garbage-first heap   total 86016K, used 37195K [0x000000008a000000, 0x0000000100000000)
  region size 1024K, 5 young (5120K), 5 survivors (5120K)
 Metaspace       used 46772K, committed 47296K, reserved 1114112K
  class space    used 6616K, committed 6848K, reserved 1048576K
}
Event: 21.011 GC heap before
{Heap before GC invocations=13 (full 0):
 garbage-first heap   total 86016K, used 66891K [0x000000008a000000, 0x0000000100000000)
  region size 1024K, 35 young (35840K), 5 survivors (5120K)
 Metaspace       used 48684K, committed 49280K, reserved 1114112K
  class space    used 6843K, committed 7104K, reserved 1048576K
}
Event: 21.017 GC heap after
{Heap after GC invocations=14 (full 0):
 garbage-first heap   total 86016K, used 39111K [0x000000008a000000, 0x0000000100000000)
  region size 1024K, 5 young (5120K), 5 survivors (5120K)
 Metaspace       used 48684K, committed 49280K, reserved 1114112K
  class space    used 6843K, committed 7104K, reserved 1048576K
}

