# JRE version: OpenJDK Runtime Environment Temurin-17.0.13+11 (17.0.13+11) (build 17.0.13+11)
# Java VM: OpenJDK 64-Bit Server VM Temurin-17.0.13+11 (17.0.13+11, mixed mode, tiered, compressed oops, compressed class ptrs, g1 gc, windows-amd64)
GC Precious Log:
 CPUs: 12 total, 12 available
 Memory: 7549M
 Large Page Support: Disabled
 NUMA Support: Disabled
 Compressed Oops: Enabled (32-bit)
 Heap Region Size: 1M
 Heap Min Capacity: 8M
 Heap Initial Capacity: 118M
 Heap Max Capacity: 1888M
 Pre-touch: Disabled
 Parallel Workers: 10
 Concurrent Workers: 3
 Concurrent Refinement Workers: 10
 Periodic GC: Disabled
Heap:
 garbage-first heap   total 120832K, used 45583K [0x000000008a000000, 0x0000000100000000)
  region size 1024K, 34 young (34816K), 5 survivors (5120K)
 Metaspace       used 19792K, committed 19968K, reserved 1114112K
  class space    used 2420K, committed 2496K, reserved 1048576K
GC Heap History (6 events):
Event: 2.239 GC heap before
{Heap before GC invocations=0 (full 0):
 garbage-first heap   total 120832K, used 22528K [0x000000008a000000, 0x0000000100000000)
  region size 1024K, 23 young (23552K), 0 survivors (0K)
 Metaspace       used 14303K, committed 14400K, reserved 1114112K
  class space    used 1557K, committed 1600K, reserved 1048576K
}
Event: 2.247 GC heap after
{Heap after GC invocations=1 (full 0):
 garbage-first heap   total 120832K, used 7077K [0x000000008a000000, 0x0000000100000000)
  region size 1024K, 3 young (3072K), 3 survivors (3072K)
 Metaspace       used 14303K, committed 14400K, reserved 1114112K
  class space    used 1557K, committed 1600K, reserved 1048576K
}
Event: 3.084 GC heap before
{Heap before GC invocations=1 (full 0):
 garbage-first heap   total 120832K, used 35749K [0x000000008a000000, 0x0000000100000000)
  region size 1024K, 29 young (29696K), 3 survivors (3072K)
 Metaspace       used 16993K, committed 17216K, reserved 1114112K
  class space    used 1970K, committed 2112K, reserved 1048576K
}
Event: 3.091 GC heap after
{Heap after GC invocations=2 (full 0):
 garbage-first heap   total 120832K, used 13711K [0x000000008a000000, 0x0000000100000000)
  region size 1024K, 4 young (4096K), 4 survivors (4096K)
 Metaspace       used 16993K, committed 17216K, reserved 1114112K
  class space    used 1970K, committed 2112K, reserved 1048576K
}
Event: 3.696 GC heap before
{Heap before GC invocations=2 (full 0):
 garbage-first heap   total 120832K, used 51599K [0x000000008a000000, 0x0000000100000000)
  region size 1024K, 41 young (41984K), 4 survivors (4096K)
 Metaspace       used 17087K, committed 17344K, reserved 1114112K
  class space    used 1971K, committed 2112K, reserved 1048576K
}
Event: 3.699 GC heap after
{Heap after GC invocations=3 (full 0):
 garbage-first heap   total 120832K, used 14863K [0x000000008a000000, 0x0000000100000000)
  region size 1024K, 5 young (5120K), 5 survivors (5120K)
 Metaspace       used 17087K, committed 17344K, reserved 1114112K
  class space    used 1971K, committed 2112K, reserved 1048576K
}

