# JRE version: OpenJDK Runtime Environment Temurin-17.0.13+11 (17.0.13+11) (build 17.0.13+11)
# Java VM: OpenJDK 64-Bit Server VM Temurin-17.0.13+11 (17.0.13+11, mixed mode, tiered, compressed oops, compressed class ptrs, parallel gc, windows-amd64)
GC Precious Log:
 CPUs: 12 total, 12 available
 Memory: 7549M
 Large Page Support: Disabled
 NUMA Support: Disabled
 Compressed Oops: Enabled (32-bit)
 Alignments: Space 512K, Generation 512K, Heap 2M
 Heap Min Capacity: 100M
 Heap Initial Capacity: 100M
 Heap Max Capacity: 1G
 Pre-touch: Disabled
 Parallel Workers: 10
Heap:
 PSYoungGen      total 16384K, used 15370K [0x00000000eab00000, 0x00000000ebe00000, 0x0000000100000000)
  eden space 13312K, 92% used [0x00000000eab00000,0x00000000eb7096f8,0x00000000eb800000)
  from space 3072K, 99% used [0x00000000eb880000,0x00000000ebb79188,0x00000000ebb80000)
  to   space 2560K, 0% used [0x00000000ebb80000,0x00000000ebb80000,0x00000000ebe00000)
 ParOldGen       total 93184K, used 76061K [0x00000000c0000000, 0x00000000c5b00000, 0x00000000eab00000)
  object space 93184K, 81% used [0x00000000c0000000,0x00000000c4a47740,0x00000000c5b00000)
 Metaspace       used 55804K, committed 56832K, reserved 1114112K
  class space    used 5980K, committed 6464K, reserved 1048576K
GC Heap History (20 events):
Event: 8.296 GC heap after
{Heap after GC invocations=31 (full 2):
 PSYoungGen      total 18432K, used 3229K [0x00000000eab00000, 0x00000000ec080000, 0x0000000100000000)
  eden space 14848K, 0% used [0x00000000eab00000,0x00000000eab00000,0x00000000eb980000)
  from space 3584K, 90% used [0x00000000eba80000,0x00000000ebda74a0,0x00000000ebe00000)
  to   space 2560K, 0% used [0x00000000ebe00000,0x00000000ebe00000,0x00000000ec080000)
 ParOldGen       total 68608K, used 54485K [0x00000000c0000000, 0x00000000c4300000, 0x00000000eab00000)
  object space 68608K, 79% used [0x00000000c0000000,0x00000000c35356b0,0x00000000c4300000)
 Metaspace       used 54788K, committed 55808K, reserved 1114112K
  class space    used 5863K, committed 6336K, reserved 1048576K
}
Event: 8.349 GC heap before
{Heap before GC invocations=32 (full 2):
 PSYoungGen      total 18432K, used 18077K [0x00000000eab00000, 0x00000000ec080000, 0x0000000100000000)
  eden space 14848K, 100% used [0x00000000eab00000,0x00000000eb980000,0x00000000eb980000)
  from space 3584K, 90% used [0x00000000eba80000,0x00000000ebda74a0,0x00000000ebe00000)
  to   space 2560K, 0% used [0x00000000ebe00000,0x00000000ebe00000,0x00000000ec080000)
 ParOldGen       total 68608K, used 54485K [0x00000000c0000000, 0x00000000c4300000, 0x00000000eab00000)
  object space 68608K, 79% used [0x00000000c0000000,0x00000000c35356b0,0x00000000c4300000)
 Metaspace       used 55245K, committed 56256K, reserved 1114112K
  class space    used 5920K, committed 6400K, reserved 1048576K
}
Event: 8.353 GC heap after
{Heap after GC invocations=32 (full 2):
 PSYoungGen      total 15872K, used 2537K [0x00000000eab00000, 0x00000000ec580000, 0x0000000100000000)
  eden space 13312K, 0% used [0x00000000eab00000,0x00000000eab00000,0x00000000eb800000)
  from space 2560K, 99% used [0x00000000ebe00000,0x00000000ec07a500,0x00000000ec080000)
  to   space 6144K, 0% used [0x00000000eb800000,0x00000000eb800000,0x00000000ebe00000)
 ParOldGen       total 68608K, used 57633K [0x00000000c0000000, 0x00000000c4300000, 0x00000000eab00000)
  object space 68608K, 84% used [0x00000000c0000000,0x00000000c3848630,0x00000000c4300000)
 Metaspace       used 55245K, committed 56256K, reserved 1114112K
  class space    used 5920K, committed 6400K, reserved 1048576K
}
Event: 8.407 GC heap before
{Heap before GC invocations=33 (full 2):
 PSYoungGen      total 15872K, used 15849K [0x00000000eab00000, 0x00000000ec580000, 0x0000000100000000)
  eden space 13312K, 100% used [0x00000000eab00000,0x00000000eb800000,0x00000000eb800000)
  from space 2560K, 99% used [0x00000000ebe00000,0x00000000ec07a500,0x00000000ec080000)
  to   space 6144K, 0% used [0x00000000eb800000,0x00000000eb800000,0x00000000ebe00000)
 ParOldGen       total 68608K, used 57633K [0x00000000c0000000, 0x00000000c4300000, 0x00000000eab00000)
  object space 68608K, 84% used [0x00000000c0000000,0x00000000c3848630,0x00000000c4300000)
 Metaspace       used 55476K, committed 56512K, reserved 1114112K
  class space    used 5940K, committed 6400K, reserved 1048576K
}
Event: 8.410 GC heap after
{Heap after GC invocations=33 (full 2):
 PSYoungGen      total 16384K, used 2676K [0x00000000eab00000, 0x00000000ec000000, 0x0000000100000000)
  eden space 13312K, 0% used [0x00000000eab00000,0x00000000eab00000,0x00000000eb800000)
  from space 3072K, 87% used [0x00000000eb800000,0x00000000eba9d358,0x00000000ebb00000)
  to   space 4096K, 0% used [0x00000000ebc00000,0x00000000ebc00000,0x00000000ec000000)
 ParOldGen       total 68608K, used 60119K [0x00000000c0000000, 0x00000000c4300000, 0x00000000eab00000)
  object space 68608K, 87% used [0x00000000c0000000,0x00000000c3ab5d60,0x00000000c4300000)
 Metaspace       used 55476K, committed 56512K, reserved 1114112K
  class space    used 5940K, committed 6400K, reserved 1048576K
}
Event: 8.489 GC heap before
{Heap before GC invocations=34 (full 2):
 PSYoungGen      total 16384K, used 15988K [0x00000000eab00000, 0x00000000ec000000, 0x0000000100000000)
  eden space 13312K, 100% used [0x00000000eab00000,0x00000000eb800000,0x00000000eb800000)
  from space 3072K, 87% used [0x00000000eb800000,0x00000000eba9d358,0x00000000ebb00000)
  to   space 4096K, 0% used [0x00000000ebc00000,0x00000000ebc00000,0x00000000ec000000)
 ParOldGen       total 68608K, used 60119K [0x00000000c0000000, 0x00000000c4300000, 0x00000000eab00000)
  object space 68608K, 87% used [0x00000000c0000000,0x00000000c3ab5d60,0x00000000c4300000)
 Metaspace       used 55549K, committed 56576K, reserved 1114112K
  class space    used 5942K, committed 6400K, reserved 1048576K
}
Event: 8.492 GC heap after
{Heap after GC invocations=34 (full 2):
 PSYoungGen      total 17408K, used 3678K [0x00000000eab00000, 0x00000000ec000000, 0x0000000100000000)
  eden space 13312K, 0% used [0x00000000eab00000,0x00000000eab00000,0x00000000eb800000)
  from space 4096K, 89% used [0x00000000ebc00000,0x00000000ebf97878,0x00000000ec000000)
  to   space 4096K, 0% used [0x00000000eb800000,0x00000000eb800000,0x00000000ebc00000)
 ParOldGen       total 68608K, used 62595K [0x00000000c0000000, 0x00000000c4300000, 0x00000000eab00000)
  object space 68608K, 91% used [0x00000000c0000000,0x00000000c3d20f00,0x00000000c4300000)
 Metaspace       used 55549K, committed 56576K, reserved 1114112K
  class space    used 5942K, committed 6400K, reserved 1048576K
}
Event: 8.551 GC heap before
{Heap before GC invocations=35 (full 2):
 PSYoungGen      total 17408K, used 16990K [0x00000000eab00000, 0x00000000ec000000, 0x0000000100000000)
  eden space 13312K, 100% used [0x00000000eab00000,0x00000000eb800000,0x00000000eb800000)
  from space 4096K, 89% used [0x00000000ebc00000,0x00000000ebf97878,0x00000000ec000000)
  to   space 4096K, 0% used [0x00000000eb800000,0x00000000eb800000,0x00000000ebc00000)
 ParOldGen       total 68608K, used 62595K [0x00000000c0000000, 0x00000000c4300000, 0x00000000eab00000)
  object space 68608K, 91% used [0x00000000c0000000,0x00000000c3d20f00,0x00000000c4300000)
 Metaspace       used 55788K, committed 56832K, reserved 1114112K
  class space    used 5977K, committed 6464K, reserved 1048576K
}
Event: 8.556 GC heap after
{Heap after GC invocations=35 (full 2):
 PSYoungGen      total 16384K, used 2754K [0x00000000eab00000, 0x00000000ebf00000, 0x0000000100000000)
  eden space 13312K, 0% used [0x00000000eab00000,0x00000000eab00000,0x00000000eb800000)
  from space 3072K, 89% used [0x00000000eb800000,0x00000000ebab0a58,0x00000000ebb00000)
  to   space 3584K, 0% used [0x00000000ebb80000,0x00000000ebb80000,0x00000000ebf00000)
 ParOldGen       total 68608K, used 66019K [0x00000000c0000000, 0x00000000c4300000, 0x00000000eab00000)
  object space 68608K, 96% used [0x00000000c0000000,0x00000000c4078f88,0x00000000c4300000)
 Metaspace       used 55788K, committed 56832K, reserved 1114112K
  class space    used 5977K, committed 6464K, reserved 1048576K
}
Event: 8.602 GC heap before
{Heap before GC invocations=36 (full 3):
 PSYoungGen      total 16384K, used 16066K [0x00000000eab00000, 0x00000000ebf00000, 0x0000000100000000)
  eden space 13312K, 100% used [0x00000000eab00000,0x00000000eb800000,0x00000000eb800000)
  from space 3072K, 89% used [0x00000000eb800000,0x00000000ebab0a58,0x00000000ebb00000)
  to   space 3584K, 0% used [0x00000000ebb80000,0x00000000ebb80000,0x00000000ebf00000)
 ParOldGen       total 68608K, used 66019K [0x00000000c0000000, 0x00000000c4300000, 0x00000000eab00000)
  object space 68608K, 96% used [0x00000000c0000000,0x00000000c4078f88,0x00000000c4300000)
 Metaspace       used 55788K, committed 56832K, reserved 1114112K
  class space    used 5977K, committed 6464K, reserved 1048576K
}
Event: 8.670 GC heap after
{Heap after GC invocations=36 (full 3):
 PSYoungGen      total 16896K, used 0K [0x00000000eab00000, 0x00000000ebf00000, 0x0000000100000000)
  eden space 13312K, 0% used [0x00000000eab00000,0x00000000eab00000,0x00000000eb800000)
  from space 3584K, 0% used [0x00000000ebb80000,0x00000000ebb80000,0x00000000ebf00000)
  to   space 3584K, 0% used [0x00000000eb800000,0x00000000eb800000,0x00000000ebb80000)
 ParOldGen       total 93184K, used 64110K [0x00000000c0000000, 0x00000000c5b00000, 0x00000000eab00000)
  object space 93184K, 68% used [0x00000000c0000000,0x00000000c3e9bbf8,0x00000000c5b00000)
 Metaspace       used 55788K, committed 56832K, reserved 1114112K
  class space    used 5977K, committed 6464K, reserved 1048576K
}
Event: 8.719 GC heap before
{Heap before GC invocations=37 (full 3):
 PSYoungGen      total 16896K, used 13312K [0x00000000eab00000, 0x00000000ebf00000, 0x0000000100000000)
  eden space 13312K, 100% used [0x00000000eab00000,0x00000000eb800000,0x00000000eb800000)
  from space 3584K, 0% used [0x00000000ebb80000,0x00000000ebb80000,0x00000000ebf00000)
  to   space 3584K, 0% used [0x00000000eb800000,0x00000000eb800000,0x00000000ebb80000)
 ParOldGen       total 93184K, used 64110K [0x00000000c0000000, 0x00000000c5b00000, 0x00000000eab00000)
  object space 93184K, 68% used [0x00000000c0000000,0x00000000c3e9bbf8,0x00000000c5b00000)
 Metaspace       used 55789K, committed 56832K, reserved 1114112K
  class space    used 5977K, committed 6464K, reserved 1048576K
}
Event: 8.721 GC heap after
{Heap after GC invocations=37 (full 3):
 PSYoungGen      total 16896K, used 3087K [0x00000000eab00000, 0x00000000ebf00000, 0x0000000100000000)
  eden space 13312K, 0% used [0x00000000eab00000,0x00000000eab00000,0x00000000eb800000)
  from space 3584K, 86% used [0x00000000eb800000,0x00000000ebb03c88,0x00000000ebb80000)
  to   space 3584K, 0% used [0x00000000ebb80000,0x00000000ebb80000,0x00000000ebf00000)
 ParOldGen       total 93184K, used 64110K [0x00000000c0000000, 0x00000000c5b00000, 0x00000000eab00000)
  object space 93184K, 68% used [0x00000000c0000000,0x00000000c3e9bbf8,0x00000000c5b00000)
 Metaspace       used 55789K, committed 56832K, reserved 1114112K
  class space    used 5977K, committed 6464K, reserved 1048576K
}
Event: 8.770 GC heap before
{Heap before GC invocations=38 (full 3):
 PSYoungGen      total 16896K, used 16399K [0x00000000eab00000, 0x00000000ebf00000, 0x0000000100000000)
  eden space 13312K, 100% used [0x00000000eab00000,0x00000000eb800000,0x00000000eb800000)
  from space 3584K, 86% used [0x00000000eb800000,0x00000000ebb03c88,0x00000000ebb80000)
  to   space 3584K, 0% used [0x00000000ebb80000,0x00000000ebb80000,0x00000000ebf00000)
 ParOldGen       total 93184K, used 64110K [0x00000000c0000000, 0x00000000c5b00000, 0x00000000eab00000)
  object space 93184K, 68% used [0x00000000c0000000,0x00000000c3e9bbf8,0x00000000c5b00000)
 Metaspace       used 55803K, committed 56832K, reserved 1114112K
  class space    used 5980K, committed 6464K, reserved 1048576K
}
Event: 8.773 GC heap after
{Heap after GC invocations=38 (full 3):
 PSYoungGen      total 16896K, used 3484K [0x00000000eab00000, 0x00000000ebf00000, 0x0000000100000000)
  eden space 13312K, 0% used [0x00000000eab00000,0x00000000eab00000,0x00000000eb800000)
  from space 3584K, 97% used [0x00000000ebb80000,0x00000000ebee73c0,0x00000000ebf00000)
  to   space 3584K, 0% used [0x00000000eb800000,0x00000000eb800000,0x00000000ebb80000)
 ParOldGen       total 93184K, used 67019K [0x00000000c0000000, 0x00000000c5b00000, 0x00000000eab00000)
  object space 93184K, 71% used [0x00000000c0000000,0x00000000c4172e20,0x00000000c5b00000)
 Metaspace       used 55803K, committed 56832K, reserved 1114112K
  class space    used 5980K, committed 6464K, reserved 1048576K
}
Event: 8.818 GC heap before
{Heap before GC invocations=39 (full 3):
 PSYoungGen      total 16896K, used 16796K [0x00000000eab00000, 0x00000000ebf00000, 0x0000000100000000)
  eden space 13312K, 100% used [0x00000000eab00000,0x00000000eb800000,0x00000000eb800000)
  from space 3584K, 97% used [0x00000000ebb80000,0x00000000ebee73c0,0x00000000ebf00000)
  to   space 3584K, 0% used [0x00000000eb800000,0x00000000eb800000,0x00000000ebb80000)
 ParOldGen       total 93184K, used 67019K [0x00000000c0000000, 0x00000000c5b00000, 0x00000000eab00000)
  object space 93184K, 71% used [0x00000000c0000000,0x00000000c4172e20,0x00000000c5b00000)
 Metaspace       used 55803K, committed 56832K, reserved 1114112K
  class space    used 5980K, committed 6464K, reserved 1048576K
}
Event: 8.822 GC heap after
{Heap after GC invocations=39 (full 3):
 PSYoungGen      total 16896K, used 3116K [0x00000000eab00000, 0x00000000ebf00000, 0x0000000100000000)
  eden space 13312K, 0% used [0x00000000eab00000,0x00000000eab00000,0x00000000eb800000)
  from space 3584K, 86% used [0x00000000eb800000,0x00000000ebb0b2a8,0x00000000ebb80000)
  to   space 3584K, 0% used [0x00000000ebb80000,0x00000000ebb80000,0x00000000ebf00000)
 ParOldGen       total 93184K, used 70345K [0x00000000c0000000, 0x00000000c5b00000, 0x00000000eab00000)
  object space 93184K, 75% used [0x00000000c0000000,0x00000000c44b2540,0x00000000c5b00000)
 Metaspace       used 55803K, committed 56832K, reserved 1114112K
  class space    used 5980K, committed 6464K, reserved 1048576K
}
Event: 8.866 GC heap before
{Heap before GC invocations=40 (full 3):
 PSYoungGen      total 16896K, used 16428K [0x00000000eab00000, 0x00000000ebf00000, 0x0000000100000000)
  eden space 13312K, 100% used [0x00000000eab00000,0x00000000eb800000,0x00000000eb800000)
  from space 3584K, 86% used [0x00000000eb800000,0x00000000ebb0b2a8,0x00000000ebb80000)
  to   space 3584K, 0% used [0x00000000ebb80000,0x00000000ebb80000,0x00000000ebf00000)
 ParOldGen       total 93184K, used 70345K [0x00000000c0000000, 0x00000000c5b00000, 0x00000000eab00000)
  object space 93184K, 75% used [0x00000000c0000000,0x00000000c44b2540,0x00000000c5b00000)
 Metaspace       used 55804K, committed 56832K, reserved 1114112K
  class space    used 5980K, committed 6464K, reserved 1048576K
}
Event: 8.869 GC heap after
{Heap after GC invocations=40 (full 3):
 PSYoungGen      total 16384K, used 2985K [0x00000000eab00000, 0x00000000ebe80000, 0x0000000100000000)
  eden space 13312K, 0% used [0x00000000eab00000,0x00000000eab00000,0x00000000eb800000)
  from space 3072K, 97% used [0x00000000ebb80000,0x00000000ebe6a4e8,0x00000000ebe80000)
  to   space 3072K, 0% used [0x00000000eb880000,0x00000000eb880000,0x00000000ebb80000)
 ParOldGen       total 93184K, used 73257K [0x00000000c0000000, 0x00000000c5b00000, 0x00000000eab00000)
  object space 93184K, 78% used [0x00000000c0000000,0x00000000c478a4d0,0x00000000c5b00000)
 Metaspace       used 55804K, committed 56832K, reserved 1114112K
  class space    used 5980K, committed 6464K, reserved 1048576K
}
Event: 8.913 GC heap before
{Heap before GC invocations=41 (full 3):
 PSYoungGen      total 16384K, used 16297K [0x00000000eab00000, 0x00000000ebe80000, 0x0000000100000000)
  eden space 13312K, 100% used [0x00000000eab00000,0x00000000eb800000,0x00000000eb800000)
  from space 3072K, 97% used [0x00000000ebb80000,0x00000000ebe6a4e8,0x00000000ebe80000)
  to   space 3072K, 0% used [0x00000000eb880000,0x00000000eb880000,0x00000000ebb80000)
 ParOldGen       total 93184K, used 73257K [0x00000000c0000000, 0x00000000c5b00000, 0x00000000eab00000)
  object space 93184K, 78% used [0x00000000c0000000,0x00000000c478a4d0,0x00000000c5b00000)
 Metaspace       used 55804K, committed 56832K, reserved 1114112K
  class space    used 5980K, committed 6464K, reserved 1048576K
}

